#! /usr/local/bin/vvp
:ivl_version "12.0 (devel)" "(s20150603-955-gd6e01d0c)";
:ivl_delay_selection "TYPICAL";
:vpi_time_precision + 0;
:vpi_module "/usr/local/lib/ivl/system.vpi";
:vpi_module "/usr/local/lib/ivl/vhdl_sys.vpi";
:vpi_module "/usr/local/lib/ivl/vhdl_textio.vpi";
:vpi_module "/usr/local/lib/ivl/v2005_math.vpi";
:vpi_module "/usr/local/lib/ivl/va_math.vpi";
:vpi_module "/usr/local/lib/ivl/v2009.vpi";
S_0x7f868f413c90 .scope package, "$unit" "$unit" 2 1;
 .timescale 0 0;
S_0x7f868f413e00 .scope module, "conv_filter_tb" "conv_filter_tb" 3 1;
 .timescale 0 0;
v0x7f868f424170_0 .var "b_in", 7 0;
v0x7f868f424200_0 .net "b_out", 7 0, v0x7f868f4237d0_0;  1 drivers
v0x7f868f424290_0 .var "clk", 0 0;
v0x7f868f424320_0 .var "g_in", 7 0;
v0x7f868f4243d0_0 .net "g_out", 7 0, v0x7f868f4239c0_0;  1 drivers
v0x7f868f4244a0_0 .var "r_in", 7 0;
v0x7f868f424550_0 .net "r_out", 7 0, v0x7f868f423ca0_0;  1 drivers
v0x7f868f424600_0 .var "rst", 0 0;
v0x7f868f4246b0_0 .var "valid", 0 0;
v0x7f868f4247e0_0 .var "x_in", 10 0;
v0x7f868f424870_0 .var "y_in", 10 0;
S_0x7f868f413f70 .scope module, "m" "CONV_FILTER" 3 58, 4 1 0, S_0x7f868f413e00;
 .timescale 0 0;
    .port_info 0 /INPUT 1 "clk";
    .port_info 1 /INPUT 1 "rst";
    .port_info 2 /INPUT 1 "valid";
    .port_info 3 /INPUT 1 "packet_video";
    .port_info 4 /INPUT 8 "r_in";
    .port_info 5 /INPUT 8 "g_in";
    .port_info 6 /INPUT 8 "b_in";
    .port_info 7 /INPUT 11 "x_in";
    .port_info 8 /INPUT 11 "y_in";
    .port_info 9 /OUTPUT 8 "r_out";
    .port_info 10 /OUTPUT 8 "g_out";
    .port_info 11 /OUTPUT 8 "b_out";
v0x7f868f408c50_0 .net "b_in", 7 0, v0x7f868f424170_0;  1 drivers
v0x7f868f4237d0_0 .var "b_out", 7 0;
v0x7f868f423870_0 .net "clk", 0 0, v0x7f868f424290_0;  1 drivers
v0x7f868f423920_0 .net "g_in", 7 0, v0x7f868f424320_0;  1 drivers
v0x7f868f4239c0_0 .var "g_out", 7 0;
o0x7f86900400f8 .functor BUFZ 1, C4<z>; HiZ drive
v0x7f868f423ab0_0 .net "packet_video", 0 0, o0x7f86900400f8;  0 drivers
v0x7f868f423b50 .array "prev_pixel", 0 1, 23 0;
v0x7f868f423bf0_0 .net "r_in", 7 0, v0x7f868f4244a0_0;  1 drivers
v0x7f868f423ca0_0 .var "r_out", 7 0;
v0x7f868f423db0_0 .net "rst", 0 0, v0x7f868f424600_0;  1 drivers
v0x7f868f423e50_0 .net "valid", 0 0, v0x7f868f4246b0_0;  1 drivers
v0x7f868f423ef0_0 .net "x_in", 10 0, v0x7f868f4247e0_0;  1 drivers
v0x7f868f423fa0_0 .net "y_in", 10 0, v0x7f868f424870_0;  1 drivers
E_0x7f868f410970 .event posedge, v0x7f868f423870_0;
    .scope S_0x7f868f413f70;
T_0 ;
    %wait E_0x7f868f410970;
    %load/vec4 v0x7f868f423ab0_0;
    %inv;
    %flag_set/vec4 8;
    %jmp/0xz  T_0.0, 8;
    %load/vec4 v0x7f868f423bf0_0;
    %assign/vec4 v0x7f868f423ca0_0, 0;
    %load/vec4 v0x7f868f423920_0;
    %assign/vec4 v0x7f868f4239c0_0, 0;
    %load/vec4 v0x7f868f408c50_0;
    %assign/vec4 v0x7f868f4237d0_0, 0;
    %jmp T_0.1;
T_0.0 ;
    %load/vec4 v0x7f868f423e50_0;
    %flag_set/vec4 8;
    %jmp/0xz  T_0.2, 8;
    %ix/load 4, 0, 0;
    %flag_set/imm 4, 0;
    %load/vec4a v0x7f868f423b50, 4;
    %ix/load 3, 1, 0;
    %flag_set/imm 4, 0;
    %ix/load 4, 0, 0; Constant delay
    %assign/vec4/a/d v0x7f868f423b50, 0, 4;
    %load/vec4 v0x7f868f423bf0_0;
    %load/vec4 v0x7f868f423920_0;
    %concat/vec4; draw_concat_vec4
    %load/vec4 v0x7f868f408c50_0;
    %concat/vec4; draw_concat_vec4
    %ix/load 3, 0, 0;
    %flag_set/imm 4, 0;
    %ix/load 4, 0, 0; Constant delay
    %assign/vec4/a/d v0x7f868f423b50, 0, 4;
    %load/vec4 v0x7f868f423ef0_0;
    %pad/u 32;
    %cmpi/e 0, 0, 32;
    %jmp/0xz  T_0.4, 4;
    %pushi/vec4 0, 0, 24;
    %split/vec4 8;
    %assign/vec4 v0x7f868f4237d0_0, 0;
    %split/vec4 8;
    %assign/vec4 v0x7f868f4239c0_0, 0;
    %assign/vec4 v0x7f868f423ca0_0, 0;
    %jmp T_0.5;
T_0.4 ;
    %load/vec4 v0x7f868f423bf0_0;
    %pad/u 32;
    %ix/load 4, 0, 0;
    %flag_set/imm 4, 0;
    %load/vec4a v0x7f868f423b50, 4;
    %parti/s 8, 16, 6;
    %pad/u 32;
    %add;
    %ix/load 4, 1, 0;
    %flag_set/imm 4, 0;
    %load/vec4a v0x7f868f423b50, 4;
    %parti/s 8, 16, 6;
    %pad/u 32;
    %add;
    %pushi/vec4 3, 0, 32;
    %div;
    %pad/u 8;
    %assign/vec4 v0x7f868f423ca0_0, 0;
    %load/vec4 v0x7f868f423920_0;
    %pad/u 32;
    %ix/load 4, 0, 0;
    %flag_set/imm 4, 0;
    %load/vec4a v0x7f868f423b50, 4;
    %parti/s 8, 8, 5;
    %pad/u 32;
    %add;
    %ix/load 4, 1, 0;
    %flag_set/imm 4, 0;
    %load/vec4a v0x7f868f423b50, 4;
    %parti/s 8, 8, 5;
    %pad/u 32;
    %add;
    %pushi/vec4 3, 0, 32;
    %div;
    %pad/u 8;
    %assign/vec4 v0x7f868f4239c0_0, 0;
    %load/vec4 v0x7f868f408c50_0;
    %pad/u 32;
    %ix/load 4, 0, 0;
    %flag_set/imm 4, 0;
    %load/vec4a v0x7f868f423b50, 4;
    %parti/s 8, 0, 2;
    %pad/u 32;
    %add;
    %ix/load 4, 1, 0;
    %flag_set/imm 4, 0;
    %load/vec4a v0x7f868f423b50, 4;
    %parti/s 8, 0, 2;
    %pad/u 32;
    %add;
    %pushi/vec4 3, 0, 32;
    %div;
    %pad/u 8;
    %assign/vec4 v0x7f868f4237d0_0, 0;
T_0.5 ;
T_0.2 ;
T_0.1 ;
    %jmp T_0;
    .thread T_0;
    .scope S_0x7f868f413e00;
T_1 ;
    %pushi/vec4 0, 0, 1;
    %store/vec4 v0x7f868f424290_0, 0, 1;
    %pushi/vec4 1, 0, 1;
    %store/vec4 v0x7f868f4246b0_0, 0, 1;
    %pushi/vec4 0, 0, 8;
    %store/vec4 v0x7f868f4244a0_0, 0, 8;
    %pushi/vec4 0, 0, 8;
    %store/vec4 v0x7f868f424320_0, 0, 8;
    %pushi/vec4 0, 0, 8;
    %store/vec4 v0x7f868f424170_0, 0, 8;
    %pushi/vec4 0, 0, 11;
    %store/vec4 v0x7f868f4247e0_0, 0, 11;
    %pushi/vec4 0, 0, 11;
    %store/vec4 v0x7f868f424870_0, 0, 11;
    %pushi/vec4 5, 0, 32;
T_1.0 %dup/vec4;
    %pushi/vec4 0, 0, 32;
    %cmp/s;
    %jmp/1xz T_1.1, 5;
    %jmp/1 T_1.1, 4;
    %pushi/vec4 1, 0, 32;
    %sub;
    %pushi/vec4 50, 0, 32;
T_1.2 %dup/vec4;
    %pushi/vec4 0, 0, 32;
    %cmp/s;
    %jmp/1xz T_1.3, 5;
    %jmp/1 T_1.3, 4;
    %pushi/vec4 1, 0, 32;
    %sub;
    %load/vec4 v0x7f868f424290_0;
    %nor/r;
    %store/vec4 v0x7f868f424290_0, 0, 1;
    %vpi_func 3 34 "$urandom_range" 32, 32'sb00000000000000000000000000000000, 32'sb00000000000000000000000011111111 {0 0 0};
    %pad/u 8;
    %store/vec4 v0x7f868f4244a0_0, 0, 8;
    %vpi_func 3 35 "$urandom_range" 32, 32'sb00000000000000000000000000000000, 32'sb00000000000000000000000011111111 {0 0 0};
    %pad/u 8;
    %store/vec4 v0x7f868f424320_0, 0, 8;
    %vpi_func 3 36 "$urandom_range" 32, 32'sb00000000000000000000000000000000, 32'sb00000000000000000000000011111111 {0 0 0};
    %pad/u 8;
    %store/vec4 v0x7f868f424170_0, 0, 8;
    %delay 1, 0;
    %vpi_call/w 3 38 "$display", "      r_in= %d, g_in= %d, b_in= %d,  time=%t", v0x7f868f4244a0_0, v0x7f868f424320_0, v0x7f868f424170_0, $time {0 0 0};
    %vpi_call/w 3 39 "$display", "avrg. r_out=%d, g_out=%d, b_out=%d", v0x7f868f424550_0, v0x7f868f4243d0_0, v0x7f868f424200_0 {0 0 0};
    %load/vec4 v0x7f868f4247e0_0;
    %addi 1, 0, 11;
    %store/vec4 v0x7f868f4247e0_0, 0, 11;
    %jmp T_1.2;
T_1.3 ;
    %pop/vec4 1;
    %load/vec4 v0x7f868f424870_0;
    %addi 1, 0, 11;
    %store/vec4 v0x7f868f424870_0, 0, 11;
    %pushi/vec4 0, 0, 11;
    %store/vec4 v0x7f868f4247e0_0, 0, 11;
    %pushi/vec4 0, 0, 11;
    %store/vec4 v0x7f868f424870_0, 0, 11;
    %vpi_call/w 3 50 "$display", "======= NEW IMAGE FRAME =======" {0 0 0};
    %jmp T_1.0;
T_1.1 ;
    %pop/vec4 1;
    %vpi_call/w 3 53 "$display", "Finished. Total time = %t", $time {0 0 0};
    %vpi_call/w 3 54 "$finish" {0 0 0};
    %end;
    .thread T_1;
# The file index is used to find the file name in the following table.
:file_names 5;
    "N/A";
    "<interactive>";
    "-";
    "CONV_FILTER_TB.v";
    "CONV_FILTER.v";
