#! /usr/local/bin/vvp
:ivl_version "12.0 (devel)" "(s20150603-955-gd6e01d0c)";
:ivl_delay_selection "TYPICAL";
:vpi_time_precision + 0;
:vpi_module "/usr/local/lib/ivl/system.vpi";
:vpi_module "/usr/local/lib/ivl/vhdl_sys.vpi";
:vpi_module "/usr/local/lib/ivl/vhdl_textio.vpi";
:vpi_module "/usr/local/lib/ivl/v2005_math.vpi";
:vpi_module "/usr/local/lib/ivl/va_math.vpi";
:vpi_module "/usr/local/lib/ivl/v2009.vpi";
S_0x7fda2ee68120 .scope package, "$unit" "$unit" 2 1;
 .timescale 0 0;
S_0x7fda2ee791b0 .scope module, "eee_imgproc_tb" "eee_imgproc_tb" 3 1;
 .timescale 0 0;
v0x7fda2eea6bb0_0 .var "clk", 0 0;
v0x7fda2eea6c50_0 .var "mode", 0 0;
v0x7fda2eea6cf0_0 .var "reset_n", 0 0;
v0x7fda2eea6d80_0 .var "s_address", 2 0;
v0x7fda2eea6e10_0 .var "s_chipselect", 0 0;
v0x7fda2eea6ea0_0 .var "s_read", 0 0;
v0x7fda2eea6f50_0 .net "s_readdata", 31 0, v0x7fda2eea4da0_0;  1 drivers
v0x7fda2eea7000_0 .var "s_write", 0 0;
v0x7fda2eea70b0_0 .var "s_writedata", 31 0;
v0x7fda2eea71e0_0 .var "sink_data", 23 0;
v0x7fda2eea7270_0 .var "sink_eop", 0 0;
v0x7fda2eea7300_0 .net "sink_ready", 0 0, L_0x7fda2eea93f0;  1 drivers
v0x7fda2eea73d0_0 .var "sink_sop", 0 0;
v0x7fda2eea7460_0 .var "sink_valid", 0 0;
v0x7fda2eea7530_0 .net "source_data", 23 0, L_0x7fda2eea9f50;  1 drivers
v0x7fda2eea75c0_0 .net "source_eop", 0 0, L_0x7fda2eeaa180;  1 drivers
v0x7fda2eea7670_0 .var "source_ready", 0 0;
v0x7fda2eea7840_0 .net "source_sop", 0 0, L_0x7fda2eeaa0a0;  1 drivers
v0x7fda2eea78d0_0 .net "source_valid", 0 0, L_0x7fda2eea9e50;  1 drivers
S_0x7fda2ee78960 .scope module, "m" "EEE_IMGPROC" 3 72, 4 1 0, S_0x7fda2ee791b0;
 .timescale 0 0;
    .port_info 0 /INPUT 1 "clk";
    .port_info 1 /INPUT 1 "reset_n";
    .port_info 2 /INPUT 1 "s_chipselect";
    .port_info 3 /INPUT 1 "s_read";
    .port_info 4 /INPUT 1 "s_write";
    .port_info 5 /OUTPUT 32 "s_readdata";
    .port_info 6 /INPUT 32 "s_writedata";
    .port_info 7 /INPUT 3 "s_address";
    .port_info 8 /INPUT 24 "sink_data";
    .port_info 9 /INPUT 1 "sink_valid";
    .port_info 10 /OUTPUT 1 "sink_ready";
    .port_info 11 /INPUT 1 "sink_sop";
    .port_info 12 /INPUT 1 "sink_eop";
    .port_info 13 /OUTPUT 24 "source_data";
    .port_info 14 /OUTPUT 1 "source_valid";
    .port_info 15 /INPUT 1 "source_ready";
    .port_info 16 /OUTPUT 1 "source_sop";
    .port_info 17 /OUTPUT 1 "source_eop";
    .port_info 18 /INPUT 1 "mode";
P_0x7fda2ee4cbf0 .param/l "BB_COL_DEFAULT" 0 4 72, C4<000000001111111100000000>;
P_0x7fda2ee4cc30 .param/l "B_BOX_MSG_ID" 0 4 325, C4<11111111111111110000000000000100>;
P_0x7fda2ee4cc70 .param/l "G_BOX_MSG_ID" 0 4 324, C4<11111111111111110000000000000011>;
P_0x7fda2ee4ccb0 .param/l "IMAGE_H" 0 4 69, C4<00111100000>;
P_0x7fda2ee4ccf0 .param/l "IMAGE_W" 0 4 68, C4<01010000000>;
P_0x7fda2ee4cd30 .param/l "MESSAGE_BUF_MAX" 0 4 70, +C4<00000000000000000000000100000000>;
P_0x7fda2ee4cd70 .param/l "MSG_INTERVAL" 0 4 71, +C4<00000000000000000000000000010100>;
P_0x7fda2ee4cdb0 .param/l "P_BOX_MSG_ID" 0 4 326, C4<11111111111111110000000000000101>;
P_0x7fda2ee4cdf0 .param/l "R_BOX_MSG_ID" 0 4 322, C4<11111111111111110000000000000001>;
P_0x7fda2ee4ce30 .param/l "Y_BOX_MSG_ID" 0 4 323, C4<11111111111111110000000000000010>;
L_0x7fda2eea7960 .functor BUFZ 24, L_0x7fda2eea8d00, C4<000000000000000000000000>, C4<000000000000000000000000>, C4<000000000000000000000000>;
L_0x7fda2eea7c50 .functor NOT 1, L_0x7fda2eea9890, C4<0>, C4<0>, C4<0>;
L_0x7fda2eea7d00 .functor AND 1, v0x7fda2eea6c50_0, L_0x7fda2eea7c50, C4<1>, C4<1>;
L_0x7fda2eea7e30 .functor AND 1, L_0x7fda2eea7d00, v0x7fda2eea4520_0, C4<1>, C4<1>;
L_0x7fda2eea8ff0 .functor NOT 1, v0x7fda2eea6cf0_0, C4<0>, C4<0>, C4<0>;
L_0x7fda2eea90b0 .functor OR 1, L_0x7fda2eea8ff0, L_0x7fda2eeaaa60, C4<0>, C4<0>;
L_0x7fda2eeaa470 .functor AND 1, v0x7fda2eea6e10_0, v0x7fda2eea7000_0, C4<1>, C4<1>;
L_0x7fda2eeaa7f0 .functor AND 1, L_0x7fda2eeaa470, L_0x7fda2eeaa750, C4<1>, C4<1>;
L_0x7fda2eeaaa60 .functor AND 1, L_0x7fda2eeaa7f0, L_0x7fda2eeaa8e0, C4<1>, C4<1>;
L_0x7fda2eeaab60 .functor AND 1, v0x7fda2eea6e10_0, v0x7fda2eea6ea0_0, C4<1>, C4<1>;
L_0x7fda2eeaabd0 .functor NOT 1, v0x7fda2eea4660_0, C4<0>, C4<0>, C4<0>;
L_0x7fda2eeaaca0 .functor AND 1, L_0x7fda2eeaab60, L_0x7fda2eeaabd0, C4<1>, C4<1>;
L_0x7fda2eeaad10 .functor NOT 1, L_0x7fda2eea8de0, C4<0>, C4<0>, C4<0>;
L_0x7fda2eeaadf0 .functor AND 1, L_0x7fda2eeaaca0, L_0x7fda2eeaad10, C4<1>, C4<1>;
L_0x7fda2eeab190 .functor AND 1, L_0x7fda2eeaadf0, L_0x7fda2eeab000, C4<1>, C4<1>;
v0x7fda2eea1cf0_0 .net *"_ivl_10", 0 0, L_0x7fda2eea7e30;  1 drivers
v0x7fda2eea1d80_0 .net *"_ivl_12", 23 0, L_0x7fda2eea7f40;  1 drivers
v0x7fda2eea1e10_0 .net *"_ivl_14", 23 0, L_0x7fda2eea80a0;  1 drivers
v0x7fda2eea1ec0_0 .net *"_ivl_23", 0 0, L_0x7fda2eea8ff0;  1 drivers
v0x7fda2eea1f70_0 .net *"_ivl_41", 0 0, L_0x7fda2eeaa470;  1 drivers
v0x7fda2eea2060_0 .net *"_ivl_43", 31 0, L_0x7fda2eeaa5a0;  1 drivers
L_0x7fda200781b8 .functor BUFT 1, C4<00000000000000000000000000000>, C4<0>, C4<0>, C4<0>;
v0x7fda2eea2110_0 .net *"_ivl_46", 28 0, L_0x7fda200781b8;  1 drivers
L_0x7fda20078200 .functor BUFT 1, C4<00000000000000000000000000000000>, C4<0>, C4<0>, C4<0>;
v0x7fda2eea21c0_0 .net/2u *"_ivl_47", 31 0, L_0x7fda20078200;  1 drivers
v0x7fda2eea2270_0 .net *"_ivl_49", 0 0, L_0x7fda2eeaa750;  1 drivers
v0x7fda2eea2380_0 .net *"_ivl_51", 0 0, L_0x7fda2eeaa7f0;  1 drivers
v0x7fda2eea2420_0 .net *"_ivl_54", 0 0, L_0x7fda2eeaa8e0;  1 drivers
v0x7fda2eea24d0_0 .net *"_ivl_57", 0 0, L_0x7fda2eeaab60;  1 drivers
v0x7fda2eea2580_0 .net *"_ivl_59", 0 0, L_0x7fda2eeaabd0;  1 drivers
v0x7fda2eea2630_0 .net *"_ivl_6", 0 0, L_0x7fda2eea7c50;  1 drivers
v0x7fda2eea26e0_0 .net *"_ivl_61", 0 0, L_0x7fda2eeaaca0;  1 drivers
v0x7fda2eea2790_0 .net *"_ivl_63", 0 0, L_0x7fda2eeaad10;  1 drivers
v0x7fda2eea2840_0 .net *"_ivl_65", 0 0, L_0x7fda2eeaadf0;  1 drivers
v0x7fda2eea29d0_0 .net *"_ivl_67", 31 0, L_0x7fda2eeaaea0;  1 drivers
L_0x7fda20078248 .functor BUFT 1, C4<00000000000000000000000000000>, C4<0>, C4<0>, C4<0>;
v0x7fda2eea2a60_0 .net *"_ivl_70", 28 0, L_0x7fda20078248;  1 drivers
L_0x7fda20078290 .functor BUFT 1, C4<00000000000000000000000000000001>, C4<0>, C4<0>, C4<0>;
v0x7fda2eea2b10_0 .net/2u *"_ivl_71", 31 0, L_0x7fda20078290;  1 drivers
v0x7fda2eea2bc0_0 .net *"_ivl_73", 0 0, L_0x7fda2eeab000;  1 drivers
v0x7fda2eea2c60_0 .net *"_ivl_8", 0 0, L_0x7fda2eea7d00;  1 drivers
v0x7fda2eea2d10_0 .var "bb_col", 23 0;
v0x7fda2eea2dc0_0 .net "blue", 7 0, L_0x7fda2eea97a0;  1 drivers
v0x7fda2eea2e80_0 .net "blue_out", 7 0, L_0x7fda2eea7b90;  1 drivers
v0x7fda2eea2f10_0 .var "bottom", 10 0;
v0x7fda2eea2fa0_0 .var "bottom_blue", 10 0;
v0x7fda2eea3030_0 .var "bottom_green", 10 0;
v0x7fda2eea30c0_0 .var "bottom_pink", 10 0;
v0x7fda2eea3160_0 .var "bottom_red", 10 0;
v0x7fda2eea3210_0 .var "bottom_yellow", 10 0;
v0x7fda2eea32c0_0 .net "classifier_input_pixel", 23 0, L_0x7fda2eea7960;  1 drivers
v0x7fda2eea3380_0 .net "clk", 0 0, v0x7fda2eea6bb0_0;  1 drivers
v0x7fda2eea28d0_0 .var "colorised_image", 23 0;
v0x7fda2eea3610_0 .net "eop", 0 0, L_0x7fda2eea99b0;  1 drivers
v0x7fda2eea36a0_0 .net "filtered_image", 23 0, L_0x7fda2eea8d00;  1 drivers
v0x7fda2eea3730_0 .var "frame_count", 7 0;
v0x7fda2eea37c0_0 .net "green", 7 0, L_0x7fda2eea96c0;  1 drivers
v0x7fda2eea3870_0 .net "green_out", 7 0, L_0x7fda2eea7a90;  1 drivers
v0x7fda2eea3910_0 .net "in_valid", 0 0, L_0x7fda2eea94a0;  1 drivers
v0x7fda2eea39a0_0 .var "left", 10 0;
v0x7fda2eea3a50_0 .var "left_blue", 10 0;
v0x7fda2eea3b00_0 .var "left_green", 10 0;
v0x7fda2eea3bb0_0 .var "left_pink", 10 0;
v0x7fda2eea3c60_0 .var "left_red", 10 0;
v0x7fda2eea3d10_0 .var "left_yellow", 10 0;
v0x7fda2eea3dc0_0 .net "mode", 0 0, v0x7fda2eea6c50_0;  1 drivers
v0x7fda2eea3e60_0 .net "msg_buf_empty", 0 0, L_0x7fda2eea8de0;  1 drivers
v0x7fda2eea3f10_0 .net "msg_buf_flush", 0 0, L_0x7fda2eeaaa60;  1 drivers
v0x7fda2eea3fa0_0 .var "msg_buf_in", 31 0;
v0x7fda2eea4060_0 .net "msg_buf_out", 31 0, L_0x7fda2eea8e90;  1 drivers
v0x7fda2eea4110_0 .net "msg_buf_rd", 0 0, L_0x7fda2eeab190;  1 drivers
v0x7fda2eea41c0_0 .net "msg_buf_size", 7 0, L_0x7fda2eea8f40;  1 drivers
v0x7fda2eea4270_0 .var "msg_buf_wr", 0 0;
v0x7fda2eea4320_0 .var "msg_state", 3 0;
v0x7fda2eea43b0_0 .net "out_ready", 0 0, L_0x7fda2eea9d60;  1 drivers
v0x7fda2eea4480_0 .var "overlayed_image", 23 0;
v0x7fda2eea4520_0 .var "packet_video", 0 0;
v0x7fda2eea45b0_0 .net "pixel_classification", 2 0, v0x7fda2eea1950_0;  1 drivers
v0x7fda2eea4660_0 .var "read_d", 0 0;
v0x7fda2eea46f0_0 .net "red", 7 0, L_0x7fda2eea95e0;  1 drivers
v0x7fda2eea47b0_0 .net "red_out", 7 0, L_0x7fda2eea79d0;  1 drivers
v0x7fda2eea4850_0 .var "reg_status", 7 0;
v0x7fda2eea4900_0 .net "reset_n", 0 0, v0x7fda2eea6cf0_0;  1 drivers
v0x7fda2eea4990_0 .var "right", 10 0;
v0x7fda2eea3430_0 .var "right_blue", 10 0;
v0x7fda2eea34e0_0 .var "right_green", 10 0;
v0x7fda2eea4a20_0 .var "right_pink", 10 0;
v0x7fda2eea4ab0_0 .var "right_red", 10 0;
v0x7fda2eea4b40_0 .var "right_yellow", 10 0;
v0x7fda2eea4bd0_0 .net "s_address", 2 0, v0x7fda2eea6d80_0;  1 drivers
v0x7fda2eea4c60_0 .net "s_chipselect", 0 0, v0x7fda2eea6e10_0;  1 drivers
v0x7fda2eea4d00_0 .net "s_read", 0 0, v0x7fda2eea6ea0_0;  1 drivers
v0x7fda2eea4da0_0 .var "s_readdata", 31 0;
v0x7fda2eea4e50_0 .net "s_write", 0 0, v0x7fda2eea7000_0;  1 drivers
v0x7fda2eea4ef0_0 .net "s_writedata", 31 0, v0x7fda2eea70b0_0;  1 drivers
v0x7fda2eea4fa0_0 .net "sink_data", 23 0, v0x7fda2eea71e0_0;  1 drivers
v0x7fda2eea5050_0 .net "sink_eop", 0 0, v0x7fda2eea7270_0;  1 drivers
v0x7fda2eea50f0_0 .net "sink_ready", 0 0, L_0x7fda2eea93f0;  alias, 1 drivers
v0x7fda2eea51a0_0 .net "sink_sop", 0 0, v0x7fda2eea73d0_0;  1 drivers
v0x7fda2eea5230_0 .net "sink_valid", 0 0, v0x7fda2eea7460_0;  1 drivers
v0x7fda2eea52e0_0 .net "sop", 0 0, L_0x7fda2eea9890;  1 drivers
v0x7fda2eea5370_0 .net "source_data", 23 0, L_0x7fda2eea9f50;  alias, 1 drivers
v0x7fda2eea5420_0 .net "source_eop", 0 0, L_0x7fda2eeaa180;  alias, 1 drivers
v0x7fda2eea54c0_0 .net "source_ready", 0 0, v0x7fda2eea7670_0;  1 drivers
v0x7fda2eea5570_0 .net "source_sop", 0 0, L_0x7fda2eeaa0a0;  alias, 1 drivers
v0x7fda2eea5600_0 .net "source_valid", 0 0, L_0x7fda2eea9e50;  alias, 1 drivers
v0x7fda2eea56b0_0 .var "top", 10 0;
v0x7fda2eea5750_0 .var "top_blue", 10 0;
v0x7fda2eea5800_0 .var "top_green", 10 0;
v0x7fda2eea58b0_0 .var "top_pink", 10 0;
v0x7fda2eea5960_0 .var "top_red", 10 0;
v0x7fda2eea5a10_0 .var "top_yellow", 10 0;
v0x7fda2eea5ac0_0 .var "x", 10 0;
v0x7fda2eea5b80_0 .var "x_max_blue", 10 0;
v0x7fda2eea5c20_0 .var "x_max_green", 10 0;
v0x7fda2eea5cd0_0 .var "x_max_pink", 10 0;
v0x7fda2eea5d80_0 .var "x_max_red", 10 0;
v0x7fda2eea5e30_0 .var "x_max_yellow", 10 0;
v0x7fda2eea5ee0_0 .var "x_min_blue", 10 0;
v0x7fda2eea5f90_0 .var "x_min_green", 10 0;
v0x7fda2eea6040_0 .var "x_min_pink", 10 0;
v0x7fda2eea60f0_0 .var "x_min_red", 10 0;
v0x7fda2eea61a0_0 .var "x_min_yellow", 10 0;
v0x7fda2eea6250_0 .var "y", 10 0;
v0x7fda2eea6310_0 .var "y_max_blue", 10 0;
v0x7fda2eea63b0_0 .var "y_max_green", 10 0;
v0x7fda2eea6460_0 .var "y_max_pink", 10 0;
v0x7fda2eea6510_0 .var "y_max_red", 10 0;
v0x7fda2eea65c0_0 .var "y_max_yellow", 10 0;
v0x7fda2eea6670_0 .var "y_min_blue", 10 0;
v0x7fda2eea6720_0 .var "y_min_green", 10 0;
v0x7fda2eea67d0_0 .var "y_min_pink", 10 0;
v0x7fda2eea6880_0 .var "y_min_red", 10 0;
v0x7fda2eea6930_0 .var "y_min_yellow", 10 0;
E_0x7fda2ee82ae0/0 .event edge, v0x7fda2eea4320_0, v0x7fda2eea3c60_0, v0x7fda2eea4ab0_0, v0x7fda2eea5960_0;
E_0x7fda2ee82ae0/1 .event edge, v0x7fda2eea3160_0, v0x7fda2eea3d10_0, v0x7fda2eea4b40_0, v0x7fda2eea5a10_0;
E_0x7fda2ee82ae0/2 .event edge, v0x7fda2eea3210_0, v0x7fda2eea3b00_0, v0x7fda2eea34e0_0, v0x7fda2eea5800_0;
E_0x7fda2ee82ae0/3 .event edge, v0x7fda2eea3030_0, v0x7fda2eea3a50_0, v0x7fda2eea3430_0, v0x7fda2eea5750_0;
E_0x7fda2ee82ae0/4 .event edge, v0x7fda2eea2fa0_0, v0x7fda2eea3bb0_0, v0x7fda2eea4a20_0, v0x7fda2eea58b0_0;
E_0x7fda2ee82ae0/5 .event edge, v0x7fda2eea30c0_0;
E_0x7fda2ee82ae0 .event/or E_0x7fda2ee82ae0/0, E_0x7fda2ee82ae0/1, E_0x7fda2ee82ae0/2, E_0x7fda2ee82ae0/3, E_0x7fda2ee82ae0/4, E_0x7fda2ee82ae0/5;
E_0x7fda2ee899d0/0 .event edge, v0x7fda2ee9dc60_0, v0x7fda2eea3d10_0, v0x7fda2eea4b40_0, v0x7fda2ee9dd10_0;
E_0x7fda2ee899d0/1 .event edge, v0x7fda2eea5a10_0, v0x7fda2eea3210_0, v0x7fda2eea3b00_0, v0x7fda2eea34e0_0;
E_0x7fda2ee899d0/2 .event edge, v0x7fda2eea5800_0, v0x7fda2eea3030_0, v0x7fda2eea39a0_0, v0x7fda2eea4990_0;
E_0x7fda2ee899d0/3 .event edge, v0x7fda2eea56b0_0, v0x7fda2eea2f10_0, v0x7fda2eea3bb0_0, v0x7fda2eea4a20_0;
E_0x7fda2ee899d0/4 .event edge, v0x7fda2eea58b0_0, v0x7fda2eea30c0_0, v0x7fda2eea3c60_0, v0x7fda2eea4ab0_0;
E_0x7fda2ee899d0/5 .event edge, v0x7fda2eea5960_0, v0x7fda2eea3160_0, v0x7fda2eea28d0_0;
E_0x7fda2ee899d0 .event/or E_0x7fda2ee899d0/0, E_0x7fda2ee899d0/1, E_0x7fda2ee899d0/2, E_0x7fda2ee899d0/3, E_0x7fda2ee899d0/4, E_0x7fda2ee899d0/5;
E_0x7fda2ee8bc80 .event edge, v0x7fda2eea1950_0;
L_0x7fda2eea79d0 .part L_0x7fda2eea80a0, 16, 8;
L_0x7fda2eea7a90 .part L_0x7fda2eea80a0, 8, 8;
L_0x7fda2eea7b90 .part L_0x7fda2eea80a0, 0, 8;
L_0x7fda2eea7f40 .concat [ 8 8 8 0], L_0x7fda2eea97a0, L_0x7fda2eea96c0, L_0x7fda2eea95e0;
L_0x7fda2eea80a0 .functor MUXZ 24, L_0x7fda2eea7f40, v0x7fda2eea4480_0, L_0x7fda2eea7e30, C4<>;
L_0x7fda2eea8d00 .concat8 [ 8 8 8 0], v0x7fda2ee9da10_0, v0x7fda2ee9d730_0, v0x7fda2ee9d520_0;
L_0x7fda2eea95e0 .part v0x7fda2ee9e580_0, 18, 8;
L_0x7fda2eea96c0 .part v0x7fda2ee9e580_0, 10, 8;
L_0x7fda2eea97a0 .part v0x7fda2ee9e580_0, 2, 8;
L_0x7fda2eea9890 .part v0x7fda2ee9e580_0, 1, 1;
L_0x7fda2eea99b0 .part v0x7fda2ee9e580_0, 0, 1;
L_0x7fda2eea9ab0 .concat [ 1 1 24 0], v0x7fda2eea7270_0, v0x7fda2eea73d0_0, v0x7fda2eea71e0_0;
L_0x7fda2eea9f50 .part v0x7fda2ee9f240_0, 2, 24;
L_0x7fda2eeaa0a0 .part v0x7fda2ee9f240_0, 1, 1;
L_0x7fda2eeaa180 .part v0x7fda2ee9f240_0, 0, 1;
LS_0x7fda2eeaa2e0_0_0 .concat [ 1 1 8 8], L_0x7fda2eea99b0, L_0x7fda2eea9890, L_0x7fda2eea7b90, L_0x7fda2eea7a90;
LS_0x7fda2eeaa2e0_0_4 .concat [ 8 0 0 0], L_0x7fda2eea79d0;
L_0x7fda2eeaa2e0 .concat [ 18 8 0 0], LS_0x7fda2eeaa2e0_0_0, LS_0x7fda2eeaa2e0_0_4;
L_0x7fda2eeaa5a0 .concat [ 3 29 0 0], v0x7fda2eea6d80_0, L_0x7fda200781b8;
L_0x7fda2eeaa750 .cmp/eq 32, L_0x7fda2eeaa5a0, L_0x7fda20078200;
L_0x7fda2eeaa8e0 .part v0x7fda2eea70b0_0, 4, 1;
L_0x7fda2eeaaea0 .concat [ 3 29 0 0], v0x7fda2eea6d80_0, L_0x7fda20078248;
L_0x7fda2eeab000 .cmp/eq 32, L_0x7fda2eeaaea0, L_0x7fda20078290;
S_0x7fda2ee0fb60 .scope module, "MSG_FIFO_inst" "MSG_FIFO" 4 399, 5 39 0, S_0x7fda2ee78960;
 .timescale 0 0;
    .port_info 0 /INPUT 1 "clock";
    .port_info 1 /INPUT 32 "data";
    .port_info 2 /INPUT 1 "rdreq";
    .port_info 3 /INPUT 1 "sclr";
    .port_info 4 /INPUT 1 "wrreq";
    .port_info 5 /OUTPUT 1 "empty";
    .port_info 6 /OUTPUT 32 "q";
    .port_info 7 /OUTPUT 8 "usedw";
o0x7fda20040128 .functor BUFZ 1, C4<z>; HiZ drive
L_0x7fda2eea8de0 .functor BUFZ 1, o0x7fda20040128, C4<0>, C4<0>, C4<0>;
o0x7fda20040158 .functor BUFZ 32, C4<zzzzzzzzzzzzzzzzzzzzzzzzzzzzzzzz>; HiZ drive
L_0x7fda2eea8e90 .functor BUFZ 32, o0x7fda20040158, C4<00000000000000000000000000000000>, C4<00000000000000000000000000000000>, C4<00000000000000000000000000000000>;
o0x7fda20040188 .functor BUFZ 8, C4<zzzzzzzz>; HiZ drive
L_0x7fda2eea8f40 .functor BUFZ 8, o0x7fda20040188, C4<00000000>, C4<00000000>, C4<00000000>;
v0x7fda2ee26290_0 .net "clock", 0 0, v0x7fda2eea6bb0_0;  alias, 1 drivers
v0x7fda2ee9c950_0 .net "data", 31 0, v0x7fda2eea3fa0_0;  1 drivers
v0x7fda2ee9ca00_0 .net "empty", 0 0, L_0x7fda2eea8de0;  alias, 1 drivers
v0x7fda2ee9cab0_0 .net "q", 31 0, L_0x7fda2eea8e90;  alias, 1 drivers
v0x7fda2ee9cb60_0 .net "rdreq", 0 0, L_0x7fda2eeab190;  alias, 1 drivers
v0x7fda2ee9cc40_0 .net "sclr", 0 0, L_0x7fda2eea90b0;  1 drivers
v0x7fda2ee9cce0_0 .net "sub_wire0", 0 0, o0x7fda20040128;  0 drivers
v0x7fda2ee9cd80_0 .net "sub_wire1", 31 0, o0x7fda20040158;  0 drivers
v0x7fda2ee9ce30_0 .net "sub_wire2", 7 0, o0x7fda20040188;  0 drivers
v0x7fda2ee9cf40_0 .net "usedw", 7 0, L_0x7fda2eea8f40;  alias, 1 drivers
v0x7fda2ee9cff0_0 .net "wrreq", 0 0, v0x7fda2eea4270_0;  1 drivers
S_0x7fda2ee9d110 .scope module, "af" "AVER_FILTER" 4 125, 6 1 0, S_0x7fda2ee78960;
 .timescale 0 0;
    .port_info 0 /INPUT 1 "clk";
    .port_info 1 /INPUT 1 "rst";
    .port_info 2 /INPUT 1 "valid";
    .port_info 3 /INPUT 1 "packet_video";
    .port_info 4 /INPUT 8 "r_in";
    .port_info 5 /INPUT 8 "g_in";
    .port_info 6 /INPUT 8 "b_in";
    .port_info 7 /INPUT 11 "x_in";
    .port_info 8 /INPUT 11 "y_in";
    .port_info 9 /OUTPUT 8 "r_out";
    .port_info 10 /OUTPUT 8 "g_out";
    .port_info 11 /OUTPUT 8 "b_out";
v0x7fda2ee9d460_0 .net "b_in", 7 0, L_0x7fda2eea97a0;  alias, 1 drivers
v0x7fda2ee9d520_0 .var "b_out", 7 0;
v0x7fda2ee9d5d0_0 .net "clk", 0 0, v0x7fda2eea6bb0_0;  alias, 1 drivers
v0x7fda2ee9d6a0_0 .net "g_in", 7 0, L_0x7fda2eea96c0;  alias, 1 drivers
v0x7fda2ee9d730_0 .var "g_out", 7 0;
v0x7fda2ee9d820_0 .net "packet_video", 0 0, v0x7fda2eea4520_0;  1 drivers
v0x7fda2ee9d8c0 .array "prev_pixel", 0 1, 23 0;
v0x7fda2ee9d960_0 .net "r_in", 7 0, L_0x7fda2eea95e0;  alias, 1 drivers
v0x7fda2ee9da10_0 .var "r_out", 7 0;
v0x7fda2ee9db20_0 .net "rst", 0 0, v0x7fda2eea6cf0_0;  alias, 1 drivers
v0x7fda2ee9dbc0_0 .net "valid", 0 0, L_0x7fda2eea94a0;  alias, 1 drivers
v0x7fda2ee9dc60_0 .net "x_in", 10 0, v0x7fda2eea5ac0_0;  1 drivers
v0x7fda2ee9dd10_0 .net "y_in", 10 0, v0x7fda2eea6250_0;  1 drivers
E_0x7fda2ee71780 .event posedge, v0x7fda2ee26290_0;
S_0x7fda2ee9dee0 .scope module, "in_reg" "STREAM_REG" 4 412, 7 1 0, S_0x7fda2ee78960;
 .timescale 0 0;
    .port_info 0 /OUTPUT 1 "ready_out";
    .port_info 1 /OUTPUT 1 "valid_out";
    .port_info 2 /OUTPUT 26 "data_out";
    .port_info 3 /INPUT 1 "ready_in";
    .port_info 4 /INPUT 1 "valid_in";
    .port_info 5 /INPUT 26 "data_in";
    .port_info 6 /INPUT 1 "clk";
    .port_info 7 /INPUT 1 "rst_n";
P_0x7fda2ee9d2e0 .param/l "DATA_WIDTH" 0 7 13, +C4<00000000000000000000000000011010>;
L_0x7fda2eea9180 .functor NOT 1, v0x7fda2ee9e630_0, C4<0>, C4<0>, C4<0>;
L_0x7fda2eea9230 .functor NOT 1, v0x7fda2eea7460_0, C4<0>, C4<0>, C4<0>;
L_0x7fda2eea92c0 .functor AND 1, L_0x7fda2eea9180, L_0x7fda2eea9230, C4<1>, C4<1>;
L_0x7fda2eea93f0 .functor OR 1, L_0x7fda2eea92c0, L_0x7fda2eea9d60, C4<0>, C4<0>;
L_0x7fda2eea94a0 .functor AND 1, v0x7fda2ee9e770_0, v0x7fda2ee9e630_0, C4<1>, C4<1>;
v0x7fda2ee9e260_0 .net *"_ivl_0", 0 0, L_0x7fda2eea9180;  1 drivers
v0x7fda2ee9e2f0_0 .net *"_ivl_2", 0 0, L_0x7fda2eea9230;  1 drivers
v0x7fda2ee9e390_0 .net *"_ivl_4", 0 0, L_0x7fda2eea92c0;  1 drivers
v0x7fda2ee9e420_0 .net "clk", 0 0, v0x7fda2eea6bb0_0;  alias, 1 drivers
v0x7fda2ee9e4b0_0 .net "data_in", 25 0, L_0x7fda2eea9ab0;  1 drivers
v0x7fda2ee9e580_0 .var "data_out", 25 0;
v0x7fda2ee9e630_0 .var "data_valid", 0 0;
v0x7fda2ee9e6d0_0 .net "ready_in", 0 0, L_0x7fda2eea9d60;  alias, 1 drivers
v0x7fda2ee9e770_0 .var "ready_in_d", 0 0;
v0x7fda2ee9e880_0 .net "ready_out", 0 0, L_0x7fda2eea93f0;  alias, 1 drivers
v0x7fda2ee9e910_0 .net "rst_n", 0 0, v0x7fda2eea6cf0_0;  alias, 1 drivers
v0x7fda2ee9e9c0_0 .net "valid_in", 0 0, v0x7fda2eea7460_0;  alias, 1 drivers
v0x7fda2ee9ea50_0 .net "valid_out", 0 0, L_0x7fda2eea94a0;  alias, 1 drivers
S_0x7fda2ee9eb70 .scope module, "out_reg" "STREAM_REG" 4 423, 7 1 0, S_0x7fda2ee78960;
 .timescale 0 0;
    .port_info 0 /OUTPUT 1 "ready_out";
    .port_info 1 /OUTPUT 1 "valid_out";
    .port_info 2 /OUTPUT 26 "data_out";
    .port_info 3 /INPUT 1 "ready_in";
    .port_info 4 /INPUT 1 "valid_in";
    .port_info 5 /INPUT 26 "data_in";
    .port_info 6 /INPUT 1 "clk";
    .port_info 7 /INPUT 1 "rst_n";
P_0x7fda2ee9e160 .param/l "DATA_WIDTH" 0 7 13, +C4<00000000000000000000000000011010>;
L_0x7fda2eea9b90 .functor NOT 1, v0x7fda2ee9f2f0_0, C4<0>, C4<0>, C4<0>;
L_0x7fda2eea9c00 .functor NOT 1, L_0x7fda2eea94a0, C4<0>, C4<0>, C4<0>;
L_0x7fda2eea9c70 .functor AND 1, L_0x7fda2eea9b90, L_0x7fda2eea9c00, C4<1>, C4<1>;
L_0x7fda2eea9d60 .functor OR 1, L_0x7fda2eea9c70, v0x7fda2eea7670_0, C4<0>, C4<0>;
L_0x7fda2eea9e50 .functor AND 1, v0x7fda2ee9f430_0, v0x7fda2ee9f2f0_0, C4<1>, C4<1>;
v0x7fda2ee9ef10_0 .net *"_ivl_0", 0 0, L_0x7fda2eea9b90;  1 drivers
v0x7fda2ee9efd0_0 .net *"_ivl_2", 0 0, L_0x7fda2eea9c00;  1 drivers
v0x7fda2ee9f070_0 .net *"_ivl_4", 0 0, L_0x7fda2eea9c70;  1 drivers
v0x7fda2ee9f100_0 .net "clk", 0 0, v0x7fda2eea6bb0_0;  alias, 1 drivers
v0x7fda2ee9f190_0 .net "data_in", 25 0, L_0x7fda2eeaa2e0;  1 drivers
v0x7fda2ee9f240_0 .var "data_out", 25 0;
v0x7fda2ee9f2f0_0 .var "data_valid", 0 0;
v0x7fda2ee9f390_0 .net "ready_in", 0 0, v0x7fda2eea7670_0;  alias, 1 drivers
v0x7fda2ee9f430_0 .var "ready_in_d", 0 0;
v0x7fda2ee9f540_0 .net "ready_out", 0 0, L_0x7fda2eea9d60;  alias, 1 drivers
v0x7fda2ee9f5f0_0 .net "rst_n", 0 0, v0x7fda2eea6cf0_0;  alias, 1 drivers
v0x7fda2ee9f680_0 .net "valid_in", 0 0, L_0x7fda2eea94a0;  alias, 1 drivers
v0x7fda2ee9f750_0 .net "valid_out", 0 0, L_0x7fda2eea9e50;  alias, 1 drivers
S_0x7fda2ee9f870 .scope module, "pixel_proc" "PIXEL_PROC" 4 115, 8 1 0, S_0x7fda2ee78960;
 .timescale 0 0;
    .port_info 0 /INPUT 1 "clk";
    .port_info 1 /INPUT 1 "rst";
    .port_info 2 /INPUT 24 "pixel_in";
    .port_info 3 /OUTPUT 3 "pixel_classification";
L_0x7fda2eea8510 .functor BUFZ 24, L_0x7fda2eea7960, C4<000000000000000000000000>, C4<000000000000000000000000>, C4<000000000000000000000000>;
v0x7fda2eea1500_0 .net *"_ivl_5", 23 0, L_0x7fda2eea8510;  1 drivers
v0x7fda2eea1590_0 .net "blue", 7 0, L_0x7fda2eea8430;  1 drivers
v0x7fda2eea1620_0 .net "clk", 0 0, v0x7fda2eea6bb0_0;  alias, 1 drivers
v0x7fda2eea16b0_0 .net "green", 7 0, L_0x7fda2eea8310;  1 drivers
v0x7fda2eea1740_0 .net "hsv_h", 8 0, v0x7fda2eea0780_0;  1 drivers
v0x7fda2eea1810_0 .net "hsv_s", 7 0, v0x7fda2eea0810_0;  1 drivers
v0x7fda2eea18a0_0 .net "hsv_v", 7 0, v0x7fda2eea0970_0;  1 drivers
v0x7fda2eea1950_0 .var "pixel_classification", 2 0;
v0x7fda2eea19e0_0 .net "pixel_in", 23 0, L_0x7fda2eea7960;  alias, 1 drivers
v0x7fda2eea1b10_0 .net "red", 7 0, L_0x7fda2eea8230;  1 drivers
v0x7fda2eea1bd0_0 .net "rst", 0 0, v0x7fda2eea6cf0_0;  alias, 1 drivers
E_0x7fda2ee9fa90 .event edge, v0x7fda2eea0780_0, v0x7fda2eea0810_0, v0x7fda2eea0970_0;
L_0x7fda2eea8230 .part L_0x7fda2eea8510, 16, 8;
L_0x7fda2eea8310 .part L_0x7fda2eea8510, 8, 8;
L_0x7fda2eea8430 .part L_0x7fda2eea8510, 0, 8;
S_0x7fda2ee9fae0 .scope module, "rgb_2_hsv" "RGB_2_HSV" 8 80, 9 1 0, S_0x7fda2ee9f870;
 .timescale 0 0;
    .port_info 0 /INPUT 1 "clk";
    .port_info 1 /INPUT 1 "rst";
    .port_info 2 /INPUT 8 "rgb_r";
    .port_info 3 /INPUT 8 "rgb_g";
    .port_info 4 /INPUT 8 "rgb_b";
    .port_info 5 /OUTPUT 9 "hsv_h";
    .port_info 6 /OUTPUT 8 "hsv_s";
    .port_info 7 /OUTPUT 8 "hsv_v";
v0x7fda2ee9fe80_0 .net *"_ivl_0", 0 0, L_0x7fda2eea8600;  1 drivers
L_0x7fda20078098 .functor BUFT 1, C4<1>, C4<0>, C4<0>, C4<0>;
v0x7fda2ee9ff30_0 .net/2u *"_ivl_10", 0 0, L_0x7fda20078098;  1 drivers
L_0x7fda200780e0 .functor BUFT 1, C4<0>, C4<0>, C4<0>, C4<0>;
v0x7fda2ee9ffe0_0 .net/2u *"_ivl_12", 0 0, L_0x7fda200780e0;  1 drivers
v0x7fda2eea00a0_0 .net *"_ivl_16", 0 0, L_0x7fda2eea8a00;  1 drivers
L_0x7fda20078128 .functor BUFT 1, C4<1>, C4<0>, C4<0>, C4<0>;
v0x7fda2eea0140_0 .net/2u *"_ivl_18", 0 0, L_0x7fda20078128;  1 drivers
L_0x7fda20078008 .functor BUFT 1, C4<1>, C4<0>, C4<0>, C4<0>;
v0x7fda2eea0230_0 .net/2u *"_ivl_2", 0 0, L_0x7fda20078008;  1 drivers
L_0x7fda20078170 .functor BUFT 1, C4<0>, C4<0>, C4<0>, C4<0>;
v0x7fda2eea02e0_0 .net/2u *"_ivl_20", 0 0, L_0x7fda20078170;  1 drivers
L_0x7fda20078050 .functor BUFT 1, C4<0>, C4<0>, C4<0>, C4<0>;
v0x7fda2eea0390_0 .net/2u *"_ivl_4", 0 0, L_0x7fda20078050;  1 drivers
v0x7fda2eea0440_0 .net *"_ivl_8", 0 0, L_0x7fda2eea87c0;  1 drivers
v0x7fda2eea0550_0 .net "clk", 0 0, v0x7fda2eea6bb0_0;  alias, 1 drivers
v0x7fda2eea0660_0 .var "division", 7 0;
v0x7fda2eea06f0_0 .net "g_b", 0 0, L_0x7fda2eea8ba0;  1 drivers
v0x7fda2eea0780_0 .var "hsv_h", 8 0;
v0x7fda2eea0810_0 .var "hsv_s", 7 0;
v0x7fda2eea08c0_0 .var "hsv_s_m", 7 0;
v0x7fda2eea0970_0 .var "hsv_v", 7 0;
v0x7fda2eea0a20_0 .var "max", 7 0;
v0x7fda2eea0bb0_0 .var "max_min", 7 0;
v0x7fda2eea0c40_0 .var "max_n", 7 0;
v0x7fda2eea0cf0_0 .var "min", 7 0;
v0x7fda2eea0da0_0 .net "r_b", 0 0, L_0x7fda2eea88e0;  1 drivers
v0x7fda2eea0e40_0 .net "r_g", 0 0, L_0x7fda2eea86a0;  1 drivers
v0x7fda2eea0ee0_0 .net "rgb_b", 7 0, L_0x7fda2eea8430;  alias, 1 drivers
v0x7fda2eea0f90_0 .net "rgb_g", 7 0, L_0x7fda2eea8310;  alias, 1 drivers
v0x7fda2eea1040_0 .net "rgb_r", 7 0, L_0x7fda2eea8230;  alias, 1 drivers
v0x7fda2eea10f0_0 .var "rgb_se", 2 0;
v0x7fda2eea11a0_0 .var "rgb_se_n", 2 0;
v0x7fda2eea1250_0 .net "rst", 0 0, v0x7fda2eea6cf0_0;  alias, 1 drivers
v0x7fda2eea12e0_0 .var "top", 7 0;
v0x7fda2eea1390_0 .var "top_60", 13 0;
E_0x7fda2ee9fda0/0 .event negedge, v0x7fda2ee9db20_0;
E_0x7fda2ee9fda0/1 .event posedge, v0x7fda2ee26290_0;
E_0x7fda2ee9fda0 .event/or E_0x7fda2ee9fda0/0, E_0x7fda2ee9fda0/1;
E_0x7fda2ee9fdf0 .event edge, v0x7fda2eea0c40_0, v0x7fda2eea0bb0_0;
E_0x7fda2ee9fe30 .event edge, v0x7fda2eea0bb0_0, v0x7fda2eea1390_0;
L_0x7fda2eea8600 .cmp/gt 8, L_0x7fda2eea8230, L_0x7fda2eea8310;
L_0x7fda2eea86a0 .functor MUXZ 1, L_0x7fda20078050, L_0x7fda20078008, L_0x7fda2eea8600, C4<>;
L_0x7fda2eea87c0 .cmp/gt 8, L_0x7fda2eea8230, L_0x7fda2eea8430;
L_0x7fda2eea88e0 .functor MUXZ 1, L_0x7fda200780e0, L_0x7fda20078098, L_0x7fda2eea87c0, C4<>;
L_0x7fda2eea8a00 .cmp/gt 8, L_0x7fda2eea8310, L_0x7fda2eea8430;
L_0x7fda2eea8ba0 .functor MUXZ 1, L_0x7fda20078170, L_0x7fda20078128, L_0x7fda2eea8a00, C4<>;
    .scope S_0x7fda2ee9fae0;
T_0 ;
    %wait E_0x7fda2ee9fda0;
    %load/vec4 v0x7fda2eea1250_0;
    %nor/r;
    %flag_set/vec4 8;
    %jmp/0xz  T_0.0, 8;
    %pushi/vec4 0, 0, 8;
    %assign/vec4 v0x7fda2eea0a20_0, 0;
    %pushi/vec4 0, 0, 8;
    %assign/vec4 v0x7fda2eea0cf0_0, 0;
    %pushi/vec4 0, 0, 8;
    %assign/vec4 v0x7fda2eea12e0_0, 0;
    %pushi/vec4 2, 0, 3;
    %assign/vec4 v0x7fda2eea10f0_0, 0;
    %jmp T_0.1;
T_0.0 ;
    %load/vec4 v0x7fda2eea0e40_0;
    %load/vec4 v0x7fda2eea0da0_0;
    %concat/vec4; draw_concat_vec4
    %load/vec4 v0x7fda2eea06f0_0;
    %concat/vec4; draw_concat_vec4
    %dup/vec4;
    %pushi/vec4 0, 0, 3;
    %cmp/u;
    %jmp/1 T_0.2, 6;
    %dup/vec4;
    %pushi/vec4 1, 0, 3;
    %cmp/u;
    %jmp/1 T_0.3, 6;
    %dup/vec4;
    %pushi/vec4 3, 0, 3;
    %cmp/u;
    %jmp/1 T_0.4, 6;
    %dup/vec4;
    %pushi/vec4 4, 0, 3;
    %cmp/u;
    %jmp/1 T_0.5, 6;
    %dup/vec4;
    %pushi/vec4 6, 0, 3;
    %cmp/u;
    %jmp/1 T_0.6, 6;
    %dup/vec4;
    %pushi/vec4 7, 0, 3;
    %cmp/u;
    %jmp/1 T_0.7, 6;
    %pushi/vec4 0, 0, 8;
    %assign/vec4 v0x7fda2eea0a20_0, 0;
    %pushi/vec4 0, 0, 8;
    %assign/vec4 v0x7fda2eea0cf0_0, 0;
    %pushi/vec4 0, 0, 8;
    %assign/vec4 v0x7fda2eea12e0_0, 0;
    %pushi/vec4 2, 0, 3;
    %assign/vec4 v0x7fda2eea10f0_0, 0;
    %jmp T_0.9;
T_0.2 ;
    %load/vec4 v0x7fda2eea0ee0_0;
    %assign/vec4 v0x7fda2eea0a20_0, 0;
    %load/vec4 v0x7fda2eea1040_0;
    %assign/vec4 v0x7fda2eea0cf0_0, 0;
    %load/vec4 v0x7fda2eea0f90_0;
    %load/vec4 v0x7fda2eea1040_0;
    %sub;
    %assign/vec4 v0x7fda2eea12e0_0, 0;
    %pushi/vec4 0, 0, 3;
    %assign/vec4 v0x7fda2eea10f0_0, 0;
    %jmp T_0.9;
T_0.3 ;
    %load/vec4 v0x7fda2eea0f90_0;
    %assign/vec4 v0x7fda2eea0a20_0, 0;
    %load/vec4 v0x7fda2eea1040_0;
    %assign/vec4 v0x7fda2eea0cf0_0, 0;
    %load/vec4 v0x7fda2eea0ee0_0;
    %load/vec4 v0x7fda2eea1040_0;
    %sub;
    %assign/vec4 v0x7fda2eea12e0_0, 0;
    %pushi/vec4 1, 0, 3;
    %assign/vec4 v0x7fda2eea10f0_0, 0;
    %jmp T_0.9;
T_0.4 ;
    %load/vec4 v0x7fda2eea0f90_0;
    %assign/vec4 v0x7fda2eea0a20_0, 0;
    %load/vec4 v0x7fda2eea0ee0_0;
    %assign/vec4 v0x7fda2eea0cf0_0, 0;
    %load/vec4 v0x7fda2eea1040_0;
    %load/vec4 v0x7fda2eea0ee0_0;
    %sub;
    %assign/vec4 v0x7fda2eea12e0_0, 0;
    %pushi/vec4 3, 0, 3;
    %assign/vec4 v0x7fda2eea10f0_0, 0;
    %jmp T_0.9;
T_0.5 ;
    %load/vec4 v0x7fda2eea0ee0_0;
    %assign/vec4 v0x7fda2eea0a20_0, 0;
    %load/vec4 v0x7fda2eea0f90_0;
    %assign/vec4 v0x7fda2eea0cf0_0, 0;
    %load/vec4 v0x7fda2eea1040_0;
    %load/vec4 v0x7fda2eea0f90_0;
    %sub;
    %assign/vec4 v0x7fda2eea12e0_0, 0;
    %pushi/vec4 4, 0, 3;
    %assign/vec4 v0x7fda2eea10f0_0, 0;
    %jmp T_0.9;
T_0.6 ;
    %load/vec4 v0x7fda2eea1040_0;
    %assign/vec4 v0x7fda2eea0a20_0, 0;
    %load/vec4 v0x7fda2eea0f90_0;
    %assign/vec4 v0x7fda2eea0cf0_0, 0;
    %load/vec4 v0x7fda2eea0ee0_0;
    %load/vec4 v0x7fda2eea0f90_0;
    %sub;
    %assign/vec4 v0x7fda2eea12e0_0, 0;
    %pushi/vec4 6, 0, 3;
    %assign/vec4 v0x7fda2eea10f0_0, 0;
    %jmp T_0.9;
T_0.7 ;
    %load/vec4 v0x7fda2eea1040_0;
    %assign/vec4 v0x7fda2eea0a20_0, 0;
    %load/vec4 v0x7fda2eea0ee0_0;
    %assign/vec4 v0x7fda2eea0cf0_0, 0;
    %load/vec4 v0x7fda2eea0f90_0;
    %load/vec4 v0x7fda2eea0ee0_0;
    %sub;
    %assign/vec4 v0x7fda2eea12e0_0, 0;
    %pushi/vec4 7, 0, 3;
    %assign/vec4 v0x7fda2eea10f0_0, 0;
    %jmp T_0.9;
T_0.9 ;
    %pop/vec4 1;
T_0.1 ;
    %jmp T_0;
    .thread T_0;
    .scope S_0x7fda2ee9fae0;
T_1 ;
    %wait E_0x7fda2ee9fda0;
    %load/vec4 v0x7fda2eea1250_0;
    %nor/r;
    %flag_set/vec4 8;
    %jmp/0xz  T_1.0, 8;
    %pushi/vec4 0, 0, 14;
    %assign/vec4 v0x7fda2eea1390_0, 0;
    %pushi/vec4 2, 0, 3;
    %assign/vec4 v0x7fda2eea11a0_0, 0;
    %pushi/vec4 0, 0, 8;
    %assign/vec4 v0x7fda2eea0bb0_0, 0;
    %pushi/vec4 0, 0, 8;
    %assign/vec4 v0x7fda2eea0c40_0, 0;
    %jmp T_1.1;
T_1.0 ;
    %load/vec4 v0x7fda2eea12e0_0;
    %concati/vec4 0, 0, 6;
    %load/vec4 v0x7fda2eea12e0_0;
    %concati/vec4 0, 0, 2;
    %pad/u 14;
    %sub;
    %assign/vec4 v0x7fda2eea1390_0, 0;
    %load/vec4 v0x7fda2eea10f0_0;
    %assign/vec4 v0x7fda2eea11a0_0, 0;
    %load/vec4 v0x7fda2eea0a20_0;
    %load/vec4 v0x7fda2eea0cf0_0;
    %sub;
    %assign/vec4 v0x7fda2eea0bb0_0, 0;
    %load/vec4 v0x7fda2eea0a20_0;
    %assign/vec4 v0x7fda2eea0c40_0, 0;
T_1.1 ;
    %jmp T_1;
    .thread T_1;
    .scope S_0x7fda2ee9fae0;
T_2 ;
    %wait E_0x7fda2ee9fe30;
    %load/vec4 v0x7fda2eea0bb0_0;
    %cmpi/u 0, 0, 8;
    %flag_or 5, 4; GT is !LE
    %flag_inv 5;
    %flag_mov 8, 5;
    %jmp/0 T_2.0, 8;
    %load/vec4 v0x7fda2eea1390_0;
    %load/vec4 v0x7fda2eea0bb0_0;
    %pad/u 14;
    %div;
    %jmp/1 T_2.1, 8;
T_2.0 ; End of true expr.
    %pushi/vec4 240, 0, 14;
    %jmp/0 T_2.1, 8;
 ; End of false expr.
    %blend;
T_2.1;
    %pad/u 8;
    %store/vec4 v0x7fda2eea0660_0, 0, 8;
    %jmp T_2;
    .thread T_2, $push;
    .scope S_0x7fda2ee9fae0;
T_3 ;
    %wait E_0x7fda2ee9fda0;
    %load/vec4 v0x7fda2eea1250_0;
    %nor/r;
    %flag_set/vec4 8;
    %jmp/0xz  T_3.0, 8;
    %pushi/vec4 0, 0, 9;
    %assign/vec4 v0x7fda2eea0780_0, 0;
    %jmp T_3.1;
T_3.0 ;
    %load/vec4 v0x7fda2eea11a0_0;
    %dup/vec4;
    %pushi/vec4 0, 0, 3;
    %cmp/u;
    %jmp/1 T_3.2, 6;
    %dup/vec4;
    %pushi/vec4 1, 0, 3;
    %cmp/u;
    %jmp/1 T_3.3, 6;
    %dup/vec4;
    %pushi/vec4 3, 0, 3;
    %cmp/u;
    %jmp/1 T_3.4, 6;
    %dup/vec4;
    %pushi/vec4 4, 0, 3;
    %cmp/u;
    %jmp/1 T_3.5, 6;
    %dup/vec4;
    %pushi/vec4 6, 0, 3;
    %cmp/u;
    %jmp/1 T_3.6, 6;
    %dup/vec4;
    %pushi/vec4 7, 0, 3;
    %cmp/u;
    %jmp/1 T_3.7, 6;
    %pushi/vec4 0, 0, 9;
    %assign/vec4 v0x7fda2eea0780_0, 0;
    %jmp T_3.9;
T_3.2 ;
    %pushi/vec4 240, 0, 9;
    %load/vec4 v0x7fda2eea0660_0;
    %pad/u 9;
    %sub;
    %assign/vec4 v0x7fda2eea0780_0, 0;
    %jmp T_3.9;
T_3.3 ;
    %pushi/vec4 120, 0, 9;
    %load/vec4 v0x7fda2eea0660_0;
    %pad/u 9;
    %add;
    %assign/vec4 v0x7fda2eea0780_0, 0;
    %jmp T_3.9;
T_3.4 ;
    %pushi/vec4 120, 0, 9;
    %load/vec4 v0x7fda2eea0660_0;
    %pad/u 9;
    %sub;
    %assign/vec4 v0x7fda2eea0780_0, 0;
    %jmp T_3.9;
T_3.5 ;
    %pushi/vec4 240, 0, 9;
    %load/vec4 v0x7fda2eea0660_0;
    %pad/u 9;
    %add;
    %assign/vec4 v0x7fda2eea0780_0, 0;
    %jmp T_3.9;
T_3.6 ;
    %pushi/vec4 360, 0, 9;
    %load/vec4 v0x7fda2eea0660_0;
    %pad/u 9;
    %sub;
    %assign/vec4 v0x7fda2eea0780_0, 0;
    %jmp T_3.9;
T_3.7 ;
    %load/vec4 v0x7fda2eea0660_0;
    %pad/u 9;
    %assign/vec4 v0x7fda2eea0780_0, 0;
    %jmp T_3.9;
T_3.9 ;
    %pop/vec4 1;
T_3.1 ;
    %jmp T_3;
    .thread T_3;
    .scope S_0x7fda2ee9fae0;
T_4 ;
    %wait E_0x7fda2ee9fdf0;
    %load/vec4 v0x7fda2eea0c40_0;
    %cmpi/u 0, 0, 8;
    %flag_or 5, 4; GT is !LE
    %flag_inv 5;
    %flag_mov 8, 5;
    %jmp/0 T_4.0, 8;
    %load/vec4 v0x7fda2eea0bb0_0;
    %concati/vec4 0, 0, 8;
    %load/vec4 v0x7fda2eea0c40_0;
    %pad/u 16;
    %div;
    %jmp/1 T_4.1, 8;
T_4.0 ; End of true expr.
    %pushi/vec4 0, 0, 16;
    %jmp/0 T_4.1, 8;
 ; End of false expr.
    %blend;
T_4.1;
    %pad/u 8;
    %store/vec4 v0x7fda2eea08c0_0, 0, 8;
    %jmp T_4;
    .thread T_4, $push;
    .scope S_0x7fda2ee9fae0;
T_5 ;
    %wait E_0x7fda2ee9fda0;
    %load/vec4 v0x7fda2eea1250_0;
    %nor/r;
    %flag_set/vec4 8;
    %jmp/0xz  T_5.0, 8;
    %pushi/vec4 0, 0, 8;
    %assign/vec4 v0x7fda2eea0810_0, 0;
    %jmp T_5.1;
T_5.0 ;
    %load/vec4 v0x7fda2eea08c0_0;
    %assign/vec4 v0x7fda2eea0810_0, 0;
T_5.1 ;
    %jmp T_5;
    .thread T_5;
    .scope S_0x7fda2ee9fae0;
T_6 ;
    %wait E_0x7fda2ee9fda0;
    %load/vec4 v0x7fda2eea1250_0;
    %nor/r;
    %flag_set/vec4 8;
    %jmp/0xz  T_6.0, 8;
    %pushi/vec4 0, 0, 8;
    %assign/vec4 v0x7fda2eea0970_0, 0;
    %jmp T_6.1;
T_6.0 ;
    %load/vec4 v0x7fda2eea0c40_0;
    %assign/vec4 v0x7fda2eea0970_0, 0;
T_6.1 ;
    %jmp T_6;
    .thread T_6;
    .scope S_0x7fda2ee9f870;
T_7 ;
    %wait E_0x7fda2ee9fa90;
    %load/vec4 v0x7fda2eea1740_0;
    %pad/u 32;
    %cmpi/u 27, 0, 32;
    %flag_get/vec4 5;
    %pushi/vec4 359, 0, 32;
    %load/vec4 v0x7fda2eea1740_0;
    %pad/u 32;
    %cmp/u;
    %flag_get/vec4 5;
    %or;
    %pushi/vec4 68, 0, 32;
    %load/vec4 v0x7fda2eea1810_0;
    %pad/u 32;
    %cmp/u;
    %flag_get/vec4 5;
    %and;
    %pushi/vec4 24, 0, 32;
    %load/vec4 v0x7fda2eea18a0_0;
    %pad/u 32;
    %cmp/u;
    %flag_get/vec4 5;
    %and;
    %flag_set/vec4 8;
    %jmp/0xz  T_7.0, 8;
    %pushi/vec4 1, 0, 3;
    %assign/vec4 v0x7fda2eea1950_0, 0;
    %jmp T_7.1;
T_7.0 ;
    %pushi/vec4 68, 0, 32;
    %load/vec4 v0x7fda2eea1740_0;
    %pad/u 32;
    %cmp/u;
    %flag_get/vec4 5;
    %load/vec4 v0x7fda2eea1740_0;
    %pad/u 32;
    %cmpi/u 79, 0, 32;
    %flag_get/vec4 5;
    %and;
    %pushi/vec4 57, 0, 32;
    %load/vec4 v0x7fda2eea1810_0;
    %pad/u 32;
    %cmp/u;
    %flag_get/vec4 5;
    %and;
    %pushi/vec4 65, 0, 32;
    %load/vec4 v0x7fda2eea18a0_0;
    %pad/u 32;
    %cmp/u;
    %flag_get/vec4 5;
    %and;
    %flag_set/vec4 8;
    %jmp/0xz  T_7.2, 8;
    %pushi/vec4 2, 0, 3;
    %assign/vec4 v0x7fda2eea1950_0, 0;
    %jmp T_7.3;
T_7.2 ;
    %pushi/vec4 137, 0, 32;
    %load/vec4 v0x7fda2eea1740_0;
    %pad/u 32;
    %cmp/u;
    %flag_get/vec4 5;
    %load/vec4 v0x7fda2eea1740_0;
    %pad/u 32;
    %cmpi/u 170, 0, 32;
    %flag_get/vec4 5;
    %and;
    %pushi/vec4 54, 0, 32;
    %load/vec4 v0x7fda2eea1810_0;
    %pad/u 32;
    %cmp/u;
    %flag_get/vec4 5;
    %and;
    %pushi/vec4 23, 0, 32;
    %load/vec4 v0x7fda2eea18a0_0;
    %pad/u 32;
    %cmp/u;
    %flag_get/vec4 5;
    %and;
    %flag_set/vec4 8;
    %jmp/0xz  T_7.4, 8;
    %pushi/vec4 3, 0, 3;
    %assign/vec4 v0x7fda2eea1950_0, 0;
    %jmp T_7.5;
T_7.4 ;
    %pushi/vec4 187, 0, 32;
    %load/vec4 v0x7fda2eea1740_0;
    %pad/u 32;
    %cmp/u;
    %flag_get/vec4 5;
    %load/vec4 v0x7fda2eea1740_0;
    %pad/u 32;
    %cmpi/u 241, 0, 32;
    %flag_get/vec4 5;
    %and;
    %pushi/vec4 35, 0, 32;
    %load/vec4 v0x7fda2eea1810_0;
    %pad/u 32;
    %cmp/u;
    %flag_get/vec4 5;
    %and;
    %pushi/vec4 1, 0, 32;
    %load/vec4 v0x7fda2eea18a0_0;
    %pad/u 32;
    %cmp/u;
    %flag_get/vec4 5;
    %and;
    %flag_set/vec4 8;
    %jmp/0xz  T_7.6, 8;
    %pushi/vec4 4, 0, 3;
    %assign/vec4 v0x7fda2eea1950_0, 0;
    %jmp T_7.7;
T_7.6 ;
    %pushi/vec4 0, 0, 32;
    %load/vec4 v0x7fda2eea1740_0;
    %pad/u 32;
    %cmp/u;
    %flag_get/vec4 5;
    %load/vec4 v0x7fda2eea1740_0;
    %pad/u 32;
    %cmpi/u 31, 0, 32;
    %flag_get/vec4 5;
    %and;
    %pushi/vec4 30, 0, 32;
    %load/vec4 v0x7fda2eea1810_0;
    %pad/u 32;
    %cmp/u;
    %flag_get/vec4 5;
    %and;
    %pushi/vec4 58, 0, 32;
    %load/vec4 v0x7fda2eea18a0_0;
    %pad/u 32;
    %cmp/u;
    %flag_get/vec4 5;
    %and;
    %flag_set/vec4 8;
    %jmp/0xz  T_7.8, 8;
    %pushi/vec4 5, 0, 3;
    %assign/vec4 v0x7fda2eea1950_0, 0;
    %jmp T_7.9;
T_7.8 ;
    %pushi/vec4 0, 0, 3;
    %assign/vec4 v0x7fda2eea1950_0, 0;
T_7.9 ;
T_7.7 ;
T_7.5 ;
T_7.3 ;
T_7.1 ;
    %jmp T_7;
    .thread T_7, $push;
    .scope S_0x7fda2ee9d110;
T_8 ;
    %wait E_0x7fda2ee71780;
    %load/vec4 v0x7fda2ee9d820_0;
    %inv;
    %flag_set/vec4 8;
    %jmp/0xz  T_8.0, 8;
    %load/vec4 v0x7fda2ee9d960_0;
    %assign/vec4 v0x7fda2ee9da10_0, 0;
    %load/vec4 v0x7fda2ee9d6a0_0;
    %assign/vec4 v0x7fda2ee9d730_0, 0;
    %load/vec4 v0x7fda2ee9d460_0;
    %assign/vec4 v0x7fda2ee9d520_0, 0;
    %jmp T_8.1;
T_8.0 ;
    %load/vec4 v0x7fda2ee9dbc0_0;
    %flag_set/vec4 8;
    %jmp/0xz  T_8.2, 8;
    %ix/load 4, 0, 0;
    %flag_set/imm 4, 0;
    %load/vec4a v0x7fda2ee9d8c0, 4;
    %ix/load 3, 1, 0;
    %flag_set/imm 4, 0;
    %ix/load 4, 0, 0; Constant delay
    %assign/vec4/a/d v0x7fda2ee9d8c0, 0, 4;
    %load/vec4 v0x7fda2ee9d960_0;
    %load/vec4 v0x7fda2ee9d6a0_0;
    %concat/vec4; draw_concat_vec4
    %load/vec4 v0x7fda2ee9d460_0;
    %concat/vec4; draw_concat_vec4
    %ix/load 3, 0, 0;
    %flag_set/imm 4, 0;
    %ix/load 4, 0, 0; Constant delay
    %assign/vec4/a/d v0x7fda2ee9d8c0, 0, 4;
    %load/vec4 v0x7fda2ee9dc60_0;
    %pad/u 32;
    %cmpi/e 0, 0, 32;
    %flag_mov 8, 4;
    %load/vec4 v0x7fda2ee9dc60_0;
    %pad/u 32;
    %cmpi/e 1, 0, 32;
    %flag_or 4, 8;
    %jmp/0xz  T_8.4, 4;
    %pushi/vec4 0, 0, 24;
    %split/vec4 8;
    %assign/vec4 v0x7fda2ee9d520_0, 0;
    %split/vec4 8;
    %assign/vec4 v0x7fda2ee9d730_0, 0;
    %assign/vec4 v0x7fda2ee9da10_0, 0;
    %jmp T_8.5;
T_8.4 ;
    %load/vec4 v0x7fda2ee9d960_0;
    %pad/u 32;
    %ix/load 4, 0, 0;
    %flag_set/imm 4, 0;
    %load/vec4a v0x7fda2ee9d8c0, 4;
    %parti/s 8, 16, 6;
    %pad/u 32;
    %add;
    %ix/load 4, 1, 0;
    %flag_set/imm 4, 0;
    %load/vec4a v0x7fda2ee9d8c0, 4;
    %parti/s 8, 16, 6;
    %pad/u 32;
    %add;
    %pushi/vec4 3, 0, 32;
    %div;
    %pad/u 8;
    %assign/vec4 v0x7fda2ee9da10_0, 0;
    %load/vec4 v0x7fda2ee9d6a0_0;
    %pad/u 32;
    %ix/load 4, 0, 0;
    %flag_set/imm 4, 0;
    %load/vec4a v0x7fda2ee9d8c0, 4;
    %parti/s 8, 8, 5;
    %pad/u 32;
    %add;
    %ix/load 4, 1, 0;
    %flag_set/imm 4, 0;
    %load/vec4a v0x7fda2ee9d8c0, 4;
    %parti/s 8, 8, 5;
    %pad/u 32;
    %add;
    %pushi/vec4 3, 0, 32;
    %div;
    %pad/u 8;
    %assign/vec4 v0x7fda2ee9d730_0, 0;
    %load/vec4 v0x7fda2ee9d460_0;
    %pad/u 32;
    %ix/load 4, 0, 0;
    %flag_set/imm 4, 0;
    %load/vec4a v0x7fda2ee9d8c0, 4;
    %parti/s 8, 0, 2;
    %pad/u 32;
    %add;
    %ix/load 4, 1, 0;
    %flag_set/imm 4, 0;
    %load/vec4a v0x7fda2ee9d8c0, 4;
    %parti/s 8, 0, 2;
    %pad/u 32;
    %add;
    %pushi/vec4 3, 0, 32;
    %div;
    %pad/u 8;
    %assign/vec4 v0x7fda2ee9d520_0, 0;
T_8.5 ;
T_8.2 ;
T_8.1 ;
    %jmp T_8;
    .thread T_8;
    .scope S_0x7fda2ee9dee0;
T_9 ;
    %wait E_0x7fda2ee71780;
    %load/vec4 v0x7fda2ee9e910_0;
    %inv;
    %flag_set/vec4 8;
    %jmp/0xz  T_9.0, 8;
    %pushi/vec4 0, 0, 26;
    %assign/vec4 v0x7fda2ee9e580_0, 0;
    %pushi/vec4 0, 0, 1;
    %assign/vec4 v0x7fda2ee9e630_0, 0;
    %pushi/vec4 0, 0, 1;
    %assign/vec4 v0x7fda2ee9e770_0, 0;
    %jmp T_9.1;
T_9.0 ;
    %load/vec4 v0x7fda2ee9e6d0_0;
    %assign/vec4 v0x7fda2ee9e770_0, 0;
    %load/vec4 v0x7fda2ee9e9c0_0;
    %load/vec4 v0x7fda2ee9e630_0;
    %inv;
    %load/vec4 v0x7fda2ee9e770_0;
    %or;
    %and;
    %flag_set/vec4 8;
    %jmp/0xz  T_9.2, 8;
    %load/vec4 v0x7fda2ee9e4b0_0;
    %assign/vec4 v0x7fda2ee9e580_0, 0;
    %pushi/vec4 1, 0, 1;
    %assign/vec4 v0x7fda2ee9e630_0, 0;
    %jmp T_9.3;
T_9.2 ;
    %load/vec4 v0x7fda2ee9e770_0;
    %flag_set/vec4 8;
    %jmp/0xz  T_9.4, 8;
    %pushi/vec4 0, 0, 1;
    %assign/vec4 v0x7fda2ee9e630_0, 0;
T_9.4 ;
T_9.3 ;
T_9.1 ;
    %jmp T_9;
    .thread T_9;
    .scope S_0x7fda2ee9eb70;
T_10 ;
    %wait E_0x7fda2ee71780;
    %load/vec4 v0x7fda2ee9f5f0_0;
    %inv;
    %flag_set/vec4 8;
    %jmp/0xz  T_10.0, 8;
    %pushi/vec4 0, 0, 26;
    %assign/vec4 v0x7fda2ee9f240_0, 0;
    %pushi/vec4 0, 0, 1;
    %assign/vec4 v0x7fda2ee9f2f0_0, 0;
    %pushi/vec4 0, 0, 1;
    %assign/vec4 v0x7fda2ee9f430_0, 0;
    %jmp T_10.1;
T_10.0 ;
    %load/vec4 v0x7fda2ee9f390_0;
    %assign/vec4 v0x7fda2ee9f430_0, 0;
    %load/vec4 v0x7fda2ee9f680_0;
    %load/vec4 v0x7fda2ee9f2f0_0;
    %inv;
    %load/vec4 v0x7fda2ee9f430_0;
    %or;
    %and;
    %flag_set/vec4 8;
    %jmp/0xz  T_10.2, 8;
    %load/vec4 v0x7fda2ee9f190_0;
    %assign/vec4 v0x7fda2ee9f240_0, 0;
    %pushi/vec4 1, 0, 1;
    %assign/vec4 v0x7fda2ee9f2f0_0, 0;
    %jmp T_10.3;
T_10.2 ;
    %load/vec4 v0x7fda2ee9f430_0;
    %flag_set/vec4 8;
    %jmp/0xz  T_10.4, 8;
    %pushi/vec4 0, 0, 1;
    %assign/vec4 v0x7fda2ee9f2f0_0, 0;
T_10.4 ;
T_10.3 ;
T_10.1 ;
    %jmp T_10;
    .thread T_10;
    .scope S_0x7fda2ee78960;
T_11 ;
    %wait E_0x7fda2ee71780;
    %load/vec4 v0x7fda2eea52e0_0;
    %flag_set/vec4 8;
    %jmp/0xz  T_11.0, 8;
    %pushi/vec4 0, 0, 11;
    %assign/vec4 v0x7fda2eea5ac0_0, 0;
    %pushi/vec4 0, 0, 11;
    %assign/vec4 v0x7fda2eea6250_0, 0;
    %load/vec4 v0x7fda2eea2dc0_0;
    %parti/s 4, 0, 2;
    %pushi/vec4 0, 0, 4;
    %cmp/e;
    %flag_get/vec4 4;
    %assign/vec4 v0x7fda2eea4520_0, 0;
    %jmp T_11.1;
T_11.0 ;
    %load/vec4 v0x7fda2eea3910_0;
    %flag_set/vec4 8;
    %jmp/0xz  T_11.2, 8;
    %load/vec4 v0x7fda2eea5ac0_0;
    %pad/u 32;
    %cmpi/e 639, 0, 32;
    %jmp/0xz  T_11.4, 4;
    %pushi/vec4 0, 0, 11;
    %assign/vec4 v0x7fda2eea5ac0_0, 0;
    %load/vec4 v0x7fda2eea6250_0;
    %addi 1, 0, 11;
    %assign/vec4 v0x7fda2eea6250_0, 0;
    %jmp T_11.5;
T_11.4 ;
    %load/vec4 v0x7fda2eea5ac0_0;
    %addi 1, 0, 11;
    %assign/vec4 v0x7fda2eea5ac0_0, 0;
T_11.5 ;
T_11.2 ;
T_11.1 ;
    %jmp T_11;
    .thread T_11;
    .scope S_0x7fda2ee78960;
T_12 ;
    %wait E_0x7fda2ee8bc80;
    %load/vec4 v0x7fda2eea45b0_0;
    %dup/vec4;
    %pushi/vec4 0, 0, 3;
    %cmp/u;
    %jmp/1 T_12.0, 6;
    %dup/vec4;
    %pushi/vec4 1, 0, 3;
    %cmp/u;
    %jmp/1 T_12.1, 6;
    %dup/vec4;
    %pushi/vec4 2, 0, 3;
    %cmp/u;
    %jmp/1 T_12.2, 6;
    %dup/vec4;
    %pushi/vec4 3, 0, 3;
    %cmp/u;
    %jmp/1 T_12.3, 6;
    %dup/vec4;
    %pushi/vec4 4, 0, 3;
    %cmp/u;
    %jmp/1 T_12.4, 6;
    %dup/vec4;
    %pushi/vec4 5, 0, 3;
    %cmp/u;
    %jmp/1 T_12.5, 6;
    %jmp T_12.6;
T_12.0 ;
    %pushi/vec4 0, 0, 24;
    %store/vec4 v0x7fda2eea28d0_0, 0, 24;
    %jmp T_12.6;
T_12.1 ;
    %pushi/vec4 16711680, 0, 24;
    %store/vec4 v0x7fda2eea28d0_0, 0, 24;
    %jmp T_12.6;
T_12.2 ;
    %pushi/vec4 16776960, 0, 24;
    %store/vec4 v0x7fda2eea28d0_0, 0, 24;
    %jmp T_12.6;
T_12.3 ;
    %pushi/vec4 65280, 0, 24;
    %store/vec4 v0x7fda2eea28d0_0, 0, 24;
    %jmp T_12.6;
T_12.4 ;
    %pushi/vec4 255, 0, 24;
    %store/vec4 v0x7fda2eea28d0_0, 0, 24;
    %jmp T_12.6;
T_12.5 ;
    %pushi/vec4 16711935, 0, 24;
    %store/vec4 v0x7fda2eea28d0_0, 0, 24;
    %jmp T_12.6;
T_12.6 ;
    %pop/vec4 1;
    %jmp T_12;
    .thread T_12, $push;
    .scope S_0x7fda2ee78960;
T_13 ;
    %wait E_0x7fda2ee899d0;
    %load/vec4 v0x7fda2eea5ac0_0;
    %load/vec4 v0x7fda2eea3d10_0;
    %cmp/e;
    %flag_get/vec4 4;
    %load/vec4 v0x7fda2eea5ac0_0;
    %load/vec4 v0x7fda2eea4b40_0;
    %cmp/e;
    %flag_get/vec4 4;
    %or;
    %load/vec4 v0x7fda2eea6250_0;
    %load/vec4 v0x7fda2eea5a10_0;
    %cmp/e;
    %flag_get/vec4 4;
    %or;
    %load/vec4 v0x7fda2eea6250_0;
    %load/vec4 v0x7fda2eea3210_0;
    %cmp/e;
    %flag_get/vec4 4;
    %or;
    %flag_set/vec4 8;
    %jmp/0xz  T_13.0, 8;
    %pushi/vec4 16776960, 0, 24;
    %assign/vec4 v0x7fda2eea4480_0, 0;
    %jmp T_13.1;
T_13.0 ;
    %load/vec4 v0x7fda2eea5ac0_0;
    %load/vec4 v0x7fda2eea3b00_0;
    %cmp/e;
    %flag_get/vec4 4;
    %load/vec4 v0x7fda2eea5ac0_0;
    %load/vec4 v0x7fda2eea34e0_0;
    %cmp/e;
    %flag_get/vec4 4;
    %or;
    %load/vec4 v0x7fda2eea6250_0;
    %load/vec4 v0x7fda2eea5800_0;
    %cmp/e;
    %flag_get/vec4 4;
    %or;
    %load/vec4 v0x7fda2eea6250_0;
    %load/vec4 v0x7fda2eea3030_0;
    %cmp/e;
    %flag_get/vec4 4;
    %or;
    %flag_set/vec4 8;
    %jmp/0xz  T_13.2, 8;
    %pushi/vec4 65280, 0, 24;
    %assign/vec4 v0x7fda2eea4480_0, 0;
    %jmp T_13.3;
T_13.2 ;
    %load/vec4 v0x7fda2eea5ac0_0;
    %load/vec4 v0x7fda2eea39a0_0;
    %cmp/e;
    %flag_get/vec4 4;
    %load/vec4 v0x7fda2eea5ac0_0;
    %load/vec4 v0x7fda2eea4990_0;
    %cmp/e;
    %flag_get/vec4 4;
    %or;
    %load/vec4 v0x7fda2eea6250_0;
    %load/vec4 v0x7fda2eea56b0_0;
    %cmp/e;
    %flag_get/vec4 4;
    %or;
    %load/vec4 v0x7fda2eea6250_0;
    %load/vec4 v0x7fda2eea2f10_0;
    %cmp/e;
    %flag_get/vec4 4;
    %or;
    %flag_set/vec4 8;
    %jmp/0xz  T_13.4, 8;
    %pushi/vec4 255, 0, 24;
    %assign/vec4 v0x7fda2eea4480_0, 0;
    %jmp T_13.5;
T_13.4 ;
    %load/vec4 v0x7fda2eea5ac0_0;
    %load/vec4 v0x7fda2eea3bb0_0;
    %cmp/e;
    %flag_get/vec4 4;
    %load/vec4 v0x7fda2eea5ac0_0;
    %load/vec4 v0x7fda2eea4a20_0;
    %cmp/e;
    %flag_get/vec4 4;
    %or;
    %load/vec4 v0x7fda2eea6250_0;
    %load/vec4 v0x7fda2eea58b0_0;
    %cmp/e;
    %flag_get/vec4 4;
    %or;
    %load/vec4 v0x7fda2eea6250_0;
    %load/vec4 v0x7fda2eea30c0_0;
    %cmp/e;
    %flag_get/vec4 4;
    %or;
    %flag_set/vec4 8;
    %jmp/0xz  T_13.6, 8;
    %pushi/vec4 16711935, 0, 24;
    %assign/vec4 v0x7fda2eea4480_0, 0;
    %jmp T_13.7;
T_13.6 ;
    %load/vec4 v0x7fda2eea5ac0_0;
    %load/vec4 v0x7fda2eea3c60_0;
    %cmp/e;
    %flag_get/vec4 4;
    %load/vec4 v0x7fda2eea5ac0_0;
    %load/vec4 v0x7fda2eea4ab0_0;
    %cmp/e;
    %flag_get/vec4 4;
    %or;
    %load/vec4 v0x7fda2eea6250_0;
    %load/vec4 v0x7fda2eea5960_0;
    %cmp/e;
    %flag_get/vec4 4;
    %or;
    %load/vec4 v0x7fda2eea6250_0;
    %load/vec4 v0x7fda2eea3160_0;
    %cmp/e;
    %flag_get/vec4 4;
    %or;
    %flag_set/vec4 8;
    %jmp/0xz  T_13.8, 8;
    %pushi/vec4 16711680, 0, 24;
    %assign/vec4 v0x7fda2eea4480_0, 0;
    %jmp T_13.9;
T_13.8 ;
    %load/vec4 v0x7fda2eea28d0_0;
    %assign/vec4 v0x7fda2eea4480_0, 0;
T_13.9 ;
T_13.7 ;
T_13.5 ;
T_13.3 ;
T_13.1 ;
    %jmp T_13;
    .thread T_13, $push;
    .scope S_0x7fda2ee78960;
T_14 ;
    %wait E_0x7fda2ee71780;
    %load/vec4 v0x7fda2eea45b0_0;
    %dup/vec4;
    %pushi/vec4 1, 0, 3;
    %cmp/u;
    %jmp/1 T_14.0, 6;
    %dup/vec4;
    %pushi/vec4 2, 0, 3;
    %cmp/u;
    %jmp/1 T_14.1, 6;
    %dup/vec4;
    %pushi/vec4 3, 0, 3;
    %cmp/u;
    %jmp/1 T_14.2, 6;
    %dup/vec4;
    %pushi/vec4 4, 0, 3;
    %cmp/u;
    %jmp/1 T_14.3, 6;
    %dup/vec4;
    %pushi/vec4 5, 0, 3;
    %cmp/u;
    %jmp/1 T_14.4, 6;
    %jmp T_14.5;
T_14.0 ;
    %load/vec4 v0x7fda2eea5ac0_0;
    %load/vec4 v0x7fda2eea60f0_0;
    %cmp/u;
    %jmp/0xz  T_14.6, 5;
    %load/vec4 v0x7fda2eea5ac0_0;
    %assign/vec4 v0x7fda2eea60f0_0, 0;
T_14.6 ;
    %load/vec4 v0x7fda2eea5d80_0;
    %load/vec4 v0x7fda2eea5ac0_0;
    %cmp/u;
    %jmp/0xz  T_14.8, 5;
    %load/vec4 v0x7fda2eea5ac0_0;
    %assign/vec4 v0x7fda2eea5d80_0, 0;
T_14.8 ;
    %load/vec4 v0x7fda2eea6250_0;
    %load/vec4 v0x7fda2eea6880_0;
    %cmp/u;
    %jmp/0xz  T_14.10, 5;
    %load/vec4 v0x7fda2eea6250_0;
    %assign/vec4 v0x7fda2eea6880_0, 0;
T_14.10 ;
    %load/vec4 v0x7fda2eea6250_0;
    %assign/vec4 v0x7fda2eea6510_0, 0;
    %jmp T_14.5;
T_14.1 ;
    %load/vec4 v0x7fda2eea5ac0_0;
    %load/vec4 v0x7fda2eea61a0_0;
    %cmp/u;
    %jmp/0xz  T_14.12, 5;
    %load/vec4 v0x7fda2eea5ac0_0;
    %assign/vec4 v0x7fda2eea61a0_0, 0;
T_14.12 ;
    %load/vec4 v0x7fda2eea5e30_0;
    %load/vec4 v0x7fda2eea5ac0_0;
    %cmp/u;
    %jmp/0xz  T_14.14, 5;
    %load/vec4 v0x7fda2eea5ac0_0;
    %assign/vec4 v0x7fda2eea5e30_0, 0;
T_14.14 ;
    %load/vec4 v0x7fda2eea6250_0;
    %load/vec4 v0x7fda2eea6930_0;
    %cmp/u;
    %jmp/0xz  T_14.16, 5;
    %load/vec4 v0x7fda2eea6250_0;
    %assign/vec4 v0x7fda2eea6930_0, 0;
T_14.16 ;
    %load/vec4 v0x7fda2eea6250_0;
    %assign/vec4 v0x7fda2eea65c0_0, 0;
    %jmp T_14.5;
T_14.2 ;
    %load/vec4 v0x7fda2eea5ac0_0;
    %load/vec4 v0x7fda2eea5f90_0;
    %cmp/u;
    %jmp/0xz  T_14.18, 5;
    %load/vec4 v0x7fda2eea5ac0_0;
    %assign/vec4 v0x7fda2eea5f90_0, 0;
T_14.18 ;
    %load/vec4 v0x7fda2eea5c20_0;
    %load/vec4 v0x7fda2eea5ac0_0;
    %cmp/u;
    %jmp/0xz  T_14.20, 5;
    %load/vec4 v0x7fda2eea5ac0_0;
    %assign/vec4 v0x7fda2eea5c20_0, 0;
T_14.20 ;
    %load/vec4 v0x7fda2eea6250_0;
    %load/vec4 v0x7fda2eea6720_0;
    %cmp/u;
    %jmp/0xz  T_14.22, 5;
    %load/vec4 v0x7fda2eea6250_0;
    %assign/vec4 v0x7fda2eea6720_0, 0;
T_14.22 ;
    %load/vec4 v0x7fda2eea6250_0;
    %assign/vec4 v0x7fda2eea63b0_0, 0;
    %jmp T_14.5;
T_14.3 ;
    %load/vec4 v0x7fda2eea5ac0_0;
    %load/vec4 v0x7fda2eea5ee0_0;
    %cmp/u;
    %jmp/0xz  T_14.24, 5;
    %load/vec4 v0x7fda2eea5ac0_0;
    %assign/vec4 v0x7fda2eea5ee0_0, 0;
T_14.24 ;
    %load/vec4 v0x7fda2eea5b80_0;
    %load/vec4 v0x7fda2eea5ac0_0;
    %cmp/u;
    %jmp/0xz  T_14.26, 5;
    %load/vec4 v0x7fda2eea5ac0_0;
    %assign/vec4 v0x7fda2eea5b80_0, 0;
T_14.26 ;
    %load/vec4 v0x7fda2eea6250_0;
    %load/vec4 v0x7fda2eea6670_0;
    %cmp/u;
    %jmp/0xz  T_14.28, 5;
    %load/vec4 v0x7fda2eea6250_0;
    %assign/vec4 v0x7fda2eea6670_0, 0;
T_14.28 ;
    %load/vec4 v0x7fda2eea6250_0;
    %assign/vec4 v0x7fda2eea6310_0, 0;
    %jmp T_14.5;
T_14.4 ;
    %load/vec4 v0x7fda2eea5ac0_0;
    %load/vec4 v0x7fda2eea6040_0;
    %cmp/u;
    %jmp/0xz  T_14.30, 5;
    %load/vec4 v0x7fda2eea5ac0_0;
    %assign/vec4 v0x7fda2eea6040_0, 0;
T_14.30 ;
    %load/vec4 v0x7fda2eea5cd0_0;
    %load/vec4 v0x7fda2eea5ac0_0;
    %cmp/u;
    %jmp/0xz  T_14.32, 5;
    %load/vec4 v0x7fda2eea5ac0_0;
    %assign/vec4 v0x7fda2eea5cd0_0, 0;
T_14.32 ;
    %load/vec4 v0x7fda2eea6250_0;
    %load/vec4 v0x7fda2eea67d0_0;
    %cmp/u;
    %jmp/0xz  T_14.34, 5;
    %load/vec4 v0x7fda2eea6250_0;
    %assign/vec4 v0x7fda2eea67d0_0, 0;
T_14.34 ;
    %load/vec4 v0x7fda2eea6250_0;
    %assign/vec4 v0x7fda2eea6460_0, 0;
    %jmp T_14.5;
T_14.5 ;
    %pop/vec4 1;
    %load/vec4 v0x7fda2eea52e0_0;
    %load/vec4 v0x7fda2eea3910_0;
    %and;
    %flag_set/vec4 8;
    %jmp/0xz  T_14.36, 8;
    %pushi/vec4 639, 0, 55;
    %split/vec4 11;
    %assign/vec4 v0x7fda2eea6040_0, 0;
    %split/vec4 11;
    %assign/vec4 v0x7fda2eea5ee0_0, 0;
    %split/vec4 11;
    %assign/vec4 v0x7fda2eea5f90_0, 0;
    %split/vec4 11;
    %assign/vec4 v0x7fda2eea61a0_0, 0;
    %assign/vec4 v0x7fda2eea60f0_0, 0;
    %pushi/vec4 0, 0, 55;
    %split/vec4 11;
    %assign/vec4 v0x7fda2eea5cd0_0, 0;
    %split/vec4 11;
    %assign/vec4 v0x7fda2eea5b80_0, 0;
    %split/vec4 11;
    %assign/vec4 v0x7fda2eea5c20_0, 0;
    %split/vec4 11;
    %assign/vec4 v0x7fda2eea5e30_0, 0;
    %assign/vec4 v0x7fda2eea5d80_0, 0;
    %pushi/vec4 479, 0, 55;
    %split/vec4 11;
    %assign/vec4 v0x7fda2eea67d0_0, 0;
    %split/vec4 11;
    %assign/vec4 v0x7fda2eea6670_0, 0;
    %split/vec4 11;
    %assign/vec4 v0x7fda2eea6720_0, 0;
    %split/vec4 11;
    %assign/vec4 v0x7fda2eea6930_0, 0;
    %assign/vec4 v0x7fda2eea6880_0, 0;
    %pushi/vec4 0, 0, 55;
    %split/vec4 11;
    %assign/vec4 v0x7fda2eea6460_0, 0;
    %split/vec4 11;
    %assign/vec4 v0x7fda2eea6310_0, 0;
    %split/vec4 11;
    %assign/vec4 v0x7fda2eea63b0_0, 0;
    %split/vec4 11;
    %assign/vec4 v0x7fda2eea65c0_0, 0;
    %assign/vec4 v0x7fda2eea6510_0, 0;
T_14.36 ;
    %jmp T_14;
    .thread T_14;
    .scope S_0x7fda2ee78960;
T_15 ;
    %wait E_0x7fda2ee71780;
    %load/vec4 v0x7fda2eea3610_0;
    %load/vec4 v0x7fda2eea3910_0;
    %and;
    %load/vec4 v0x7fda2eea4520_0;
    %and;
    %flag_set/vec4 8;
    %jmp/0xz  T_15.0, 8;
    %load/vec4 v0x7fda2eea60f0_0;
    %assign/vec4 v0x7fda2eea3c60_0, 0;
    %load/vec4 v0x7fda2eea5d80_0;
    %assign/vec4 v0x7fda2eea4ab0_0, 0;
    %load/vec4 v0x7fda2eea6880_0;
    %assign/vec4 v0x7fda2eea5960_0, 0;
    %load/vec4 v0x7fda2eea6510_0;
    %assign/vec4 v0x7fda2eea3160_0, 0;
    %load/vec4 v0x7fda2eea61a0_0;
    %assign/vec4 v0x7fda2eea3d10_0, 0;
    %load/vec4 v0x7fda2eea5e30_0;
    %assign/vec4 v0x7fda2eea4b40_0, 0;
    %load/vec4 v0x7fda2eea6930_0;
    %assign/vec4 v0x7fda2eea5a10_0, 0;
    %load/vec4 v0x7fda2eea65c0_0;
    %assign/vec4 v0x7fda2eea3210_0, 0;
    %load/vec4 v0x7fda2eea5f90_0;
    %assign/vec4 v0x7fda2eea3b00_0, 0;
    %load/vec4 v0x7fda2eea5c20_0;
    %assign/vec4 v0x7fda2eea34e0_0, 0;
    %load/vec4 v0x7fda2eea6720_0;
    %assign/vec4 v0x7fda2eea5800_0, 0;
    %load/vec4 v0x7fda2eea63b0_0;
    %assign/vec4 v0x7fda2eea3030_0, 0;
    %load/vec4 v0x7fda2eea5ee0_0;
    %assign/vec4 v0x7fda2eea3a50_0, 0;
    %load/vec4 v0x7fda2eea5b80_0;
    %assign/vec4 v0x7fda2eea3430_0, 0;
    %load/vec4 v0x7fda2eea6670_0;
    %assign/vec4 v0x7fda2eea5750_0, 0;
    %load/vec4 v0x7fda2eea6310_0;
    %assign/vec4 v0x7fda2eea2fa0_0, 0;
    %load/vec4 v0x7fda2eea6040_0;
    %assign/vec4 v0x7fda2eea3bb0_0, 0;
    %load/vec4 v0x7fda2eea5cd0_0;
    %assign/vec4 v0x7fda2eea4a20_0, 0;
    %load/vec4 v0x7fda2eea67d0_0;
    %assign/vec4 v0x7fda2eea58b0_0, 0;
    %load/vec4 v0x7fda2eea6460_0;
    %assign/vec4 v0x7fda2eea30c0_0, 0;
    %load/vec4 v0x7fda2eea3730_0;
    %subi 1, 0, 8;
    %assign/vec4 v0x7fda2eea3730_0, 0;
    %load/vec4 v0x7fda2eea3730_0;
    %pad/u 32;
    %pushi/vec4 0, 0, 32;
    %cmp/e;
    %flag_get/vec4 4;
    %load/vec4 v0x7fda2eea41c0_0;
    %pad/u 32;
    %cmpi/u 253, 0, 32;
    %flag_get/vec4 5;
    %and;
    %flag_set/vec4 8;
    %jmp/0xz  T_15.2, 8;
    %pushi/vec4 1, 0, 4;
    %assign/vec4 v0x7fda2eea4320_0, 0;
    %pushi/vec4 19, 0, 8;
    %assign/vec4 v0x7fda2eea3730_0, 0;
T_15.2 ;
T_15.0 ;
    %load/vec4 v0x7fda2eea4320_0;
    %cmpi/ne 0, 0, 4;
    %jmp/0xz  T_15.4, 4;
    %load/vec4 v0x7fda2eea4320_0;
    %addi 1, 0, 4;
    %assign/vec4 v0x7fda2eea4320_0, 0;
T_15.4 ;
    %jmp T_15;
    .thread T_15;
    .scope S_0x7fda2ee78960;
T_16 ;
    %wait E_0x7fda2ee82ae0;
    %load/vec4 v0x7fda2eea4320_0;
    %dup/vec4;
    %pushi/vec4 0, 0, 4;
    %cmp/u;
    %jmp/1 T_16.0, 6;
    %dup/vec4;
    %pushi/vec4 1, 0, 4;
    %cmp/u;
    %jmp/1 T_16.1, 6;
    %dup/vec4;
    %pushi/vec4 2, 0, 4;
    %cmp/u;
    %jmp/1 T_16.2, 6;
    %dup/vec4;
    %pushi/vec4 3, 0, 4;
    %cmp/u;
    %jmp/1 T_16.3, 6;
    %dup/vec4;
    %pushi/vec4 4, 0, 4;
    %cmp/u;
    %jmp/1 T_16.4, 6;
    %dup/vec4;
    %pushi/vec4 5, 0, 4;
    %cmp/u;
    %jmp/1 T_16.5, 6;
    %dup/vec4;
    %pushi/vec4 6, 0, 4;
    %cmp/u;
    %jmp/1 T_16.6, 6;
    %dup/vec4;
    %pushi/vec4 7, 0, 4;
    %cmp/u;
    %jmp/1 T_16.7, 6;
    %dup/vec4;
    %pushi/vec4 8, 0, 4;
    %cmp/u;
    %jmp/1 T_16.8, 6;
    %dup/vec4;
    %pushi/vec4 9, 0, 4;
    %cmp/u;
    %jmp/1 T_16.9, 6;
    %dup/vec4;
    %pushi/vec4 10, 0, 4;
    %cmp/u;
    %jmp/1 T_16.10, 6;
    %dup/vec4;
    %pushi/vec4 11, 0, 4;
    %cmp/u;
    %jmp/1 T_16.11, 6;
    %dup/vec4;
    %pushi/vec4 12, 0, 4;
    %cmp/u;
    %jmp/1 T_16.12, 6;
    %dup/vec4;
    %pushi/vec4 13, 0, 4;
    %cmp/u;
    %jmp/1 T_16.13, 6;
    %dup/vec4;
    %pushi/vec4 14, 0, 4;
    %cmp/u;
    %jmp/1 T_16.14, 6;
    %dup/vec4;
    %pushi/vec4 15, 0, 4;
    %cmp/u;
    %jmp/1 T_16.15, 6;
    %jmp T_16.16;
T_16.0 ;
    %pushi/vec4 0, 0, 28;
    %load/vec4 v0x7fda2eea4320_0;
    %concat/vec4; draw_concat_vec4
    %store/vec4 v0x7fda2eea3fa0_0, 0, 32;
    %pushi/vec4 0, 0, 1;
    %store/vec4 v0x7fda2eea4270_0, 0, 1;
    %jmp T_16.16;
T_16.1 ;
    %pushi/vec4 4294901761, 0, 32;
    %store/vec4 v0x7fda2eea3fa0_0, 0, 32;
    %pushi/vec4 1, 0, 1;
    %store/vec4 v0x7fda2eea4270_0, 0, 1;
    %jmp T_16.16;
T_16.2 ;
    %pushi/vec4 0, 0, 5;
    %load/vec4 v0x7fda2eea3c60_0;
    %concat/vec4; draw_concat_vec4
    %concati/vec4 0, 0, 5;
    %load/vec4 v0x7fda2eea4ab0_0;
    %concat/vec4; draw_concat_vec4
    %store/vec4 v0x7fda2eea3fa0_0, 0, 32;
    %pushi/vec4 1, 0, 1;
    %store/vec4 v0x7fda2eea4270_0, 0, 1;
    %jmp T_16.16;
T_16.3 ;
    %pushi/vec4 0, 0, 5;
    %load/vec4 v0x7fda2eea5960_0;
    %concat/vec4; draw_concat_vec4
    %concati/vec4 0, 0, 5;
    %load/vec4 v0x7fda2eea3160_0;
    %concat/vec4; draw_concat_vec4
    %store/vec4 v0x7fda2eea3fa0_0, 0, 32;
    %pushi/vec4 1, 0, 1;
    %store/vec4 v0x7fda2eea4270_0, 0, 1;
    %jmp T_16.16;
T_16.4 ;
    %pushi/vec4 4294901762, 0, 32;
    %store/vec4 v0x7fda2eea3fa0_0, 0, 32;
    %pushi/vec4 1, 0, 1;
    %store/vec4 v0x7fda2eea4270_0, 0, 1;
    %jmp T_16.16;
T_16.5 ;
    %pushi/vec4 0, 0, 5;
    %load/vec4 v0x7fda2eea3d10_0;
    %concat/vec4; draw_concat_vec4
    %concati/vec4 0, 0, 5;
    %load/vec4 v0x7fda2eea4b40_0;
    %concat/vec4; draw_concat_vec4
    %store/vec4 v0x7fda2eea3fa0_0, 0, 32;
    %pushi/vec4 1, 0, 1;
    %store/vec4 v0x7fda2eea4270_0, 0, 1;
    %jmp T_16.16;
T_16.6 ;
    %pushi/vec4 0, 0, 5;
    %load/vec4 v0x7fda2eea5a10_0;
    %concat/vec4; draw_concat_vec4
    %concati/vec4 0, 0, 5;
    %load/vec4 v0x7fda2eea3210_0;
    %concat/vec4; draw_concat_vec4
    %store/vec4 v0x7fda2eea3fa0_0, 0, 32;
    %pushi/vec4 1, 0, 1;
    %store/vec4 v0x7fda2eea4270_0, 0, 1;
    %jmp T_16.16;
T_16.7 ;
    %pushi/vec4 4294901763, 0, 32;
    %store/vec4 v0x7fda2eea3fa0_0, 0, 32;
    %pushi/vec4 1, 0, 1;
    %store/vec4 v0x7fda2eea4270_0, 0, 1;
    %jmp T_16.16;
T_16.8 ;
    %pushi/vec4 0, 0, 5;
    %load/vec4 v0x7fda2eea3b00_0;
    %concat/vec4; draw_concat_vec4
    %concati/vec4 0, 0, 5;
    %load/vec4 v0x7fda2eea34e0_0;
    %concat/vec4; draw_concat_vec4
    %store/vec4 v0x7fda2eea3fa0_0, 0, 32;
    %pushi/vec4 1, 0, 1;
    %store/vec4 v0x7fda2eea4270_0, 0, 1;
    %jmp T_16.16;
T_16.9 ;
    %pushi/vec4 0, 0, 5;
    %load/vec4 v0x7fda2eea5800_0;
    %concat/vec4; draw_concat_vec4
    %concati/vec4 0, 0, 5;
    %load/vec4 v0x7fda2eea3030_0;
    %concat/vec4; draw_concat_vec4
    %store/vec4 v0x7fda2eea3fa0_0, 0, 32;
    %pushi/vec4 1, 0, 1;
    %store/vec4 v0x7fda2eea4270_0, 0, 1;
    %jmp T_16.16;
T_16.10 ;
    %pushi/vec4 4294901764, 0, 32;
    %store/vec4 v0x7fda2eea3fa0_0, 0, 32;
    %pushi/vec4 1, 0, 1;
    %store/vec4 v0x7fda2eea4270_0, 0, 1;
    %jmp T_16.16;
T_16.11 ;
    %pushi/vec4 0, 0, 5;
    %load/vec4 v0x7fda2eea3a50_0;
    %concat/vec4; draw_concat_vec4
    %concati/vec4 0, 0, 5;
    %load/vec4 v0x7fda2eea3430_0;
    %concat/vec4; draw_concat_vec4
    %store/vec4 v0x7fda2eea3fa0_0, 0, 32;
    %pushi/vec4 1, 0, 1;
    %store/vec4 v0x7fda2eea4270_0, 0, 1;
    %jmp T_16.16;
T_16.12 ;
    %pushi/vec4 0, 0, 5;
    %load/vec4 v0x7fda2eea5750_0;
    %concat/vec4; draw_concat_vec4
    %concati/vec4 0, 0, 5;
    %load/vec4 v0x7fda2eea2fa0_0;
    %concat/vec4; draw_concat_vec4
    %store/vec4 v0x7fda2eea3fa0_0, 0, 32;
    %pushi/vec4 1, 0, 1;
    %store/vec4 v0x7fda2eea4270_0, 0, 1;
    %jmp T_16.16;
T_16.13 ;
    %pushi/vec4 4294901765, 0, 32;
    %store/vec4 v0x7fda2eea3fa0_0, 0, 32;
    %pushi/vec4 1, 0, 1;
    %store/vec4 v0x7fda2eea4270_0, 0, 1;
    %jmp T_16.16;
T_16.14 ;
    %pushi/vec4 0, 0, 5;
    %load/vec4 v0x7fda2eea3bb0_0;
    %concat/vec4; draw_concat_vec4
    %concati/vec4 0, 0, 5;
    %load/vec4 v0x7fda2eea4a20_0;
    %concat/vec4; draw_concat_vec4
    %store/vec4 v0x7fda2eea3fa0_0, 0, 32;
    %pushi/vec4 1, 0, 1;
    %store/vec4 v0x7fda2eea4270_0, 0, 1;
    %jmp T_16.16;
T_16.15 ;
    %pushi/vec4 0, 0, 5;
    %load/vec4 v0x7fda2eea58b0_0;
    %concat/vec4; draw_concat_vec4
    %concati/vec4 0, 0, 5;
    %load/vec4 v0x7fda2eea30c0_0;
    %concat/vec4; draw_concat_vec4
    %store/vec4 v0x7fda2eea3fa0_0, 0, 32;
    %pushi/vec4 1, 0, 1;
    %store/vec4 v0x7fda2eea4270_0, 0, 1;
    %jmp T_16.16;
T_16.16 ;
    %pop/vec4 1;
    %jmp T_16;
    .thread T_16, $push;
    .scope S_0x7fda2ee78960;
T_17 ;
    %wait E_0x7fda2ee71780;
    %load/vec4 v0x7fda2eea4900_0;
    %inv;
    %flag_set/vec4 8;
    %jmp/0xz  T_17.0, 8;
    %pushi/vec4 0, 0, 8;
    %assign/vec4 v0x7fda2eea4850_0, 0;
    %pushi/vec4 65280, 0, 24;
    %assign/vec4 v0x7fda2eea2d10_0, 0;
    %jmp T_17.1;
T_17.0 ;
    %load/vec4 v0x7fda2eea4c60_0;
    %load/vec4 v0x7fda2eea4e50_0;
    %and;
    %flag_set/vec4 8;
    %jmp/0xz  T_17.2, 8;
    %load/vec4 v0x7fda2eea4bd0_0;
    %pad/u 32;
    %cmpi/e 0, 0, 32;
    %jmp/0xz  T_17.4, 4;
    %load/vec4 v0x7fda2eea4ef0_0;
    %parti/s 8, 0, 2;
    %assign/vec4 v0x7fda2eea4850_0, 0;
T_17.4 ;
    %load/vec4 v0x7fda2eea4bd0_0;
    %pad/u 32;
    %cmpi/e 3, 0, 32;
    %jmp/0xz  T_17.6, 4;
    %load/vec4 v0x7fda2eea4ef0_0;
    %parti/s 24, 0, 2;
    %assign/vec4 v0x7fda2eea2d10_0, 0;
T_17.6 ;
T_17.2 ;
T_17.1 ;
    %jmp T_17;
    .thread T_17;
    .scope S_0x7fda2ee78960;
T_18 ;
    %wait E_0x7fda2ee71780;
    %load/vec4 v0x7fda2eea4900_0;
    %inv;
    %flag_set/vec4 8;
    %jmp/0xz  T_18.0, 8;
    %pushi/vec4 0, 0, 32;
    %assign/vec4 v0x7fda2eea4da0_0, 0;
    %pushi/vec4 0, 0, 1;
    %assign/vec4 v0x7fda2eea4660_0, 0;
    %jmp T_18.1;
T_18.0 ;
    %load/vec4 v0x7fda2eea4c60_0;
    %load/vec4 v0x7fda2eea4d00_0;
    %and;
    %flag_set/vec4 8;
    %jmp/0xz  T_18.2, 8;
    %load/vec4 v0x7fda2eea4bd0_0;
    %pad/u 32;
    %cmpi/e 0, 0, 32;
    %jmp/0xz  T_18.4, 4;
    %pushi/vec4 0, 0, 16;
    %load/vec4 v0x7fda2eea41c0_0;
    %concat/vec4; draw_concat_vec4
    %load/vec4 v0x7fda2eea4850_0;
    %concat/vec4; draw_concat_vec4
    %assign/vec4 v0x7fda2eea4da0_0, 0;
T_18.4 ;
    %load/vec4 v0x7fda2eea4bd0_0;
    %pad/u 32;
    %cmpi/e 1, 0, 32;
    %jmp/0xz  T_18.6, 4;
    %load/vec4 v0x7fda2eea4060_0;
    %assign/vec4 v0x7fda2eea4da0_0, 0;
T_18.6 ;
    %load/vec4 v0x7fda2eea4bd0_0;
    %pad/u 32;
    %cmpi/e 2, 0, 32;
    %jmp/0xz  T_18.8, 4;
    %pushi/vec4 305458914, 0, 32;
    %assign/vec4 v0x7fda2eea4da0_0, 0;
T_18.8 ;
    %load/vec4 v0x7fda2eea4bd0_0;
    %pad/u 32;
    %cmpi/e 3, 0, 32;
    %jmp/0xz  T_18.10, 4;
    %pushi/vec4 0, 0, 8;
    %load/vec4 v0x7fda2eea2d10_0;
    %concat/vec4; draw_concat_vec4
    %assign/vec4 v0x7fda2eea4da0_0, 0;
T_18.10 ;
T_18.2 ;
T_18.1 ;
    %load/vec4 v0x7fda2eea4d00_0;
    %assign/vec4 v0x7fda2eea4660_0, 0;
    %jmp T_18;
    .thread T_18;
    .scope S_0x7fda2ee791b0;
T_19 ;
    %pushi/vec4 0, 0, 1;
    %store/vec4 v0x7fda2eea6bb0_0, 0, 1;
    %pushi/vec4 1, 0, 1;
    %store/vec4 v0x7fda2eea6cf0_0, 0, 1;
    %pushi/vec4 1, 0, 1;
    %store/vec4 v0x7fda2eea6e10_0, 0, 1;
    %pushi/vec4 1, 0, 1;
    %store/vec4 v0x7fda2eea6ea0_0, 0, 1;
    %pushi/vec4 1, 0, 1;
    %store/vec4 v0x7fda2eea7000_0, 0, 1;
    %pushi/vec4 1, 0, 32;
    %store/vec4 v0x7fda2eea70b0_0, 0, 32;
    %pushi/vec4 1, 0, 3;
    %store/vec4 v0x7fda2eea6d80_0, 0, 3;
    %pushi/vec4 1, 0, 24;
    %store/vec4 v0x7fda2eea71e0_0, 0, 24;
    %pushi/vec4 1, 0, 1;
    %store/vec4 v0x7fda2eea7460_0, 0, 1;
    %pushi/vec4 1, 0, 1;
    %store/vec4 v0x7fda2eea73d0_0, 0, 1;
    %pushi/vec4 0, 0, 1;
    %store/vec4 v0x7fda2eea7270_0, 0, 1;
    %pushi/vec4 1, 0, 1;
    %store/vec4 v0x7fda2eea7670_0, 0, 1;
    %pushi/vec4 1, 0, 1;
    %store/vec4 v0x7fda2eea6c50_0, 0, 1;
    %delay 1, 0;
    %pushi/vec4 0, 0, 1;
    %store/vec4 v0x7fda2eea6cf0_0, 0, 1;
    %delay 1, 0;
    %pushi/vec4 1, 0, 1;
    %store/vec4 v0x7fda2eea6cf0_0, 0, 1;
    %pushi/vec4 100, 0, 32;
T_19.0 %dup/vec4;
    %pushi/vec4 0, 0, 32;
    %cmp/s;
    %jmp/1xz T_19.1, 5;
    %jmp/1 T_19.1, 4;
    %pushi/vec4 1, 0, 32;
    %sub;
    %load/vec4 v0x7fda2eea6bb0_0;
    %nor/r;
    %store/vec4 v0x7fda2eea6bb0_0, 0, 1;
    %delay 1, 0;
    %vpi_func 3 54 "$urandom_range" 32, 24'b000000000000000000000000, 24'b111111111111111111111111 {0 0 0};
    %pad/u 24;
    %store/vec4 v0x7fda2eea71e0_0, 0, 24;
    %load/vec4 v0x7fda2eea6bb0_0;
    %nor/r;
    %store/vec4 v0x7fda2eea6bb0_0, 0, 1;
    %delay 1, 0;
    %pushi/vec4 0, 0, 1;
    %store/vec4 v0x7fda2eea73d0_0, 0, 1;
    %jmp T_19.0;
T_19.1 ;
    %pop/vec4 1;
    %pushi/vec4 1, 0, 1;
    %store/vec4 v0x7fda2eea7270_0, 0, 1;
    %vpi_call/w 3 66 "$display", "Finished. Total time = %t", $time {0 0 0};
    %vpi_call/w 3 67 "$finish" {0 0 0};
    %end;
    .thread T_19;
# The file index is used to find the file name in the following table.
:file_names 10;
    "N/A";
    "<interactive>";
    "-";
    "EEE_IMGPROC_TB.v";
    "EEE_IMGPROC.v";
    "MSG_FIFO.v";
    "AVER_FILTER.v";
    "STREAM_REG.v";
    "PIXEL_PROC.v";
    "RGB_2_HSV.v";
