#! /usr/local/bin/vvp
:ivl_version "12.0 (devel)" "(s20150603-955-gd6e01d0c)";
:ivl_delay_selection "TYPICAL";
:vpi_time_precision + 0;
:vpi_module "/usr/local/lib/ivl/system.vpi";
:vpi_module "/usr/local/lib/ivl/vhdl_sys.vpi";
:vpi_module "/usr/local/lib/ivl/vhdl_textio.vpi";
:vpi_module "/usr/local/lib/ivl/v2005_math.vpi";
:vpi_module "/usr/local/lib/ivl/va_math.vpi";
:vpi_module "/usr/local/lib/ivl/v2009.vpi";
S_0x7faa6c604c90 .scope package, "$unit" "$unit" 2 1;
 .timescale 0 0;
S_0x7faa6c604e00 .scope module, "playground" "playground" 3 1;
 .timescale 0 0;
v0x7faa6c504ee0_0 .var "b", 7 0;
v0x7faa6c614e00 .array "frame_history", 921599 0, 23 0;
v0x7faa6c614eb0_0 .var "g", 7 0;
v0x7faa6c614f50_0 .var "r", 7 0;
    .scope S_0x7faa6c604e00;
T_0 ;
    %pushi/vec4 255, 0, 8;
    %store/vec4 v0x7faa6c614f50_0, 0, 8;
    %pushi/vec4 85, 0, 8;
    %store/vec4 v0x7faa6c614eb0_0, 0, 8;
    %pushi/vec4 0, 0, 8;
    %store/vec4 v0x7faa6c504ee0_0, 0, 8;
    %load/vec4 v0x7faa6c614f50_0;
    %load/vec4 v0x7faa6c614eb0_0;
    %concat/vec4; draw_concat_vec4
    %load/vec4 v0x7faa6c504ee0_0;
    %concat/vec4; draw_concat_vec4
    %ix/load 4, 0, 0;
    %flag_set/imm 4, 0;
    %store/vec4a v0x7faa6c614e00, 4, 0;
    %pushi/vec4 3, 0, 32;
T_0.0 %dup/vec4;
    %pushi/vec4 0, 0, 32;
    %cmp/s;
    %jmp/1xz T_0.1, 5;
    %jmp/1 T_0.1, 4;
    %pushi/vec4 1, 0, 32;
    %sub;
    %vpi_func 3 16 "$urandom_range" 32, 32'sb00000000000000000000000000000000, 32'sb00000000000000000000000011111111 {0 0 0};
    %pad/u 8;
    %store/vec4 v0x7faa6c614f50_0, 0, 8;
    %vpi_func 3 17 "$urandom_range" 32, 32'sb00000000000000000000000000000000, 32'sb00000000000000000000000011111111 {0 0 0};
    %pad/u 8;
    %store/vec4 v0x7faa6c614eb0_0, 0, 8;
    %vpi_func 3 18 "$urandom_range" 32, 32'sb00000000000000000000000000000000, 32'sb00000000000000000000000011111111 {0 0 0};
    %pad/u 8;
    %store/vec4 v0x7faa6c504ee0_0, 0, 8;
    %delay 1, 0;
    %ix/load 4, 1, 0;
    %flag_set/imm 4, 0;
    %load/vec4a v0x7faa6c614e00, 4;
    %ix/load 3, 2, 0;
    %flag_set/imm 4, 0;
    %ix/load 4, 0, 0; Constant delay
    %assign/vec4/a/d v0x7faa6c614e00, 0, 4;
    %ix/load 4, 0, 0;
    %flag_set/imm 4, 0;
    %load/vec4a v0x7faa6c614e00, 4;
    %ix/load 3, 1, 0;
    %flag_set/imm 4, 0;
    %ix/load 4, 0, 0; Constant delay
    %assign/vec4/a/d v0x7faa6c614e00, 0, 4;
    %load/vec4 v0x7faa6c614f50_0;
    %load/vec4 v0x7faa6c614eb0_0;
    %concat/vec4; draw_concat_vec4
    %load/vec4 v0x7faa6c504ee0_0;
    %concat/vec4; draw_concat_vec4
    %ix/load 3, 0, 0;
    %flag_set/imm 4, 0;
    %ix/load 4, 0, 0; Constant delay
    %assign/vec4/a/d v0x7faa6c614e00, 0, 4;
    %vpi_call/w 3 26 "$display", "R %b", &A<v0x7faa6c614e00, 0> {0 0 0};
    %vpi_call/w 3 27 "$display", "G %b", &A<v0x7faa6c614e00, 1> {0 0 0};
    %vpi_call/w 3 28 "$display", "B %b", &A<v0x7faa6c614e00, 2> {0 0 0};
    %vpi_call/w 3 29 "$display", "-------------" {0 0 0};
    %jmp T_0.0;
T_0.1 ;
    %pop/vec4 1;
    %end;
    .thread T_0;
# The file index is used to find the file name in the following table.
:file_names 4;
    "N/A";
    "<interactive>";
    "-";
    "PLAYGROUND.v";
