#! /usr/local/bin/vvp
:ivl_version "12.0 (devel)" "(s20150603-955-gd6e01d0c)";
:ivl_delay_selection "TYPICAL";
:vpi_time_precision + 0;
:vpi_module "/usr/local/lib/ivl/system.vpi";
:vpi_module "/usr/local/lib/ivl/vhdl_sys.vpi";
:vpi_module "/usr/local/lib/ivl/vhdl_textio.vpi";
:vpi_module "/usr/local/lib/ivl/v2005_math.vpi";
:vpi_module "/usr/local/lib/ivl/va_math.vpi";
:vpi_module "/usr/local/lib/ivl/v2009.vpi";
S_0x7ffd85415290 .scope package, "$unit" "$unit" 2 1;
 .timescale 0 0;
S_0x7ffd85415400 .scope module, "rgb2hsv_tb" "rgb2hsv_tb" 3 3;
 .timescale 0 0;
v0x7ffd85437000_0 .var "b_in", 7 0;
v0x7ffd85437090_0 .var "clk", 0 0;
v0x7ffd85437120_0 .var "g_in", 7 0;
v0x7ffd854371b0_0 .net "hsv_h", 8 0, v0x7ffd85436250_0;  1 drivers
v0x7ffd85437240_0 .net "hsv_s", 7 0, v0x7ffd85436300_0;  1 drivers
v0x7ffd85437310_0 .net "hsv_v", 7 0, v0x7ffd85436460_0;  1 drivers
v0x7ffd854373c0_0 .var "r_in", 7 0;
v0x7ffd85437470_0 .var "rst", 0 0;
S_0x7ffd85407300 .scope module, "m" "RGB_2_HSV" 3 47, 4 1 0, S_0x7ffd85415400;
 .timescale 0 0;
    .port_info 0 /INPUT 1 "clk";
    .port_info 1 /INPUT 1 "rst";
    .port_info 2 /INPUT 8 "rgb_r";
    .port_info 3 /INPUT 8 "rgb_g";
    .port_info 4 /INPUT 8 "rgb_b";
    .port_info 5 /OUTPUT 9 "hsv_h";
    .port_info 6 /OUTPUT 8 "hsv_s";
    .port_info 7 /OUTPUT 8 "hsv_v";
v0x7ffd85408d10_0 .net *"_ivl_0", 0 0, L_0x7ffd85437520;  1 drivers
L_0x7ffd88078098 .functor BUFT 1, C4<1>, C4<0>, C4<0>, C4<0>;
v0x7ffd85435a50_0 .net/2u *"_ivl_10", 0 0, L_0x7ffd88078098;  1 drivers
L_0x7ffd880780e0 .functor BUFT 1, C4<0>, C4<0>, C4<0>, C4<0>;
v0x7ffd85435b00_0 .net/2u *"_ivl_12", 0 0, L_0x7ffd880780e0;  1 drivers
v0x7ffd85435bc0_0 .net *"_ivl_16", 0 0, L_0x7ffd85437a40;  1 drivers
L_0x7ffd88078128 .functor BUFT 1, C4<1>, C4<0>, C4<0>, C4<0>;
v0x7ffd85435c60_0 .net/2u *"_ivl_18", 0 0, L_0x7ffd88078128;  1 drivers
L_0x7ffd88078008 .functor BUFT 1, C4<1>, C4<0>, C4<0>, C4<0>;
v0x7ffd85435d50_0 .net/2u *"_ivl_2", 0 0, L_0x7ffd88078008;  1 drivers
L_0x7ffd88078170 .functor BUFT 1, C4<0>, C4<0>, C4<0>, C4<0>;
v0x7ffd85435e00_0 .net/2u *"_ivl_20", 0 0, L_0x7ffd88078170;  1 drivers
L_0x7ffd88078050 .functor BUFT 1, C4<0>, C4<0>, C4<0>, C4<0>;
v0x7ffd85435eb0_0 .net/2u *"_ivl_4", 0 0, L_0x7ffd88078050;  1 drivers
v0x7ffd85435f60_0 .net *"_ivl_8", 0 0, L_0x7ffd854377e0;  1 drivers
v0x7ffd85436070_0 .net "clk", 0 0, v0x7ffd85437090_0;  1 drivers
v0x7ffd85436100_0 .var "division", 7 0;
v0x7ffd854361b0_0 .net "g_b", 0 0, L_0x7ffd85437b20;  1 drivers
v0x7ffd85436250_0 .var "hsv_h", 8 0;
v0x7ffd85436300_0 .var "hsv_s", 7 0;
v0x7ffd854363b0_0 .var "hsv_s_m", 7 0;
v0x7ffd85436460_0 .var "hsv_v", 7 0;
v0x7ffd85436510_0 .var "max", 7 0;
v0x7ffd854366a0_0 .var "max_min", 7 0;
v0x7ffd85436730_0 .var "max_n", 7 0;
v0x7ffd854367e0_0 .var "min", 7 0;
v0x7ffd85436890_0 .net "r_b", 0 0, L_0x7ffd854378c0;  1 drivers
v0x7ffd85436930_0 .net "r_g", 0 0, L_0x7ffd85437660;  1 drivers
v0x7ffd854369d0_0 .net "rgb_b", 7 0, v0x7ffd85437000_0;  1 drivers
v0x7ffd85436a80_0 .net "rgb_g", 7 0, v0x7ffd85437120_0;  1 drivers
v0x7ffd85436b30_0 .net "rgb_r", 7 0, v0x7ffd854373c0_0;  1 drivers
v0x7ffd85436be0_0 .var "rgb_se", 2 0;
v0x7ffd85436c90_0 .var "rgb_se_n", 2 0;
v0x7ffd85436d40_0 .net "rst", 0 0, v0x7ffd85437470_0;  1 drivers
v0x7ffd85436de0_0 .var "top", 7 0;
v0x7ffd85436e90_0 .var "top_60", 13 0;
E_0x7ffd8541e880/0 .event negedge, v0x7ffd85436d40_0;
E_0x7ffd8541e880/1 .event posedge, v0x7ffd85436070_0;
E_0x7ffd8541e880 .event/or E_0x7ffd8541e880/0, E_0x7ffd8541e880/1;
E_0x7ffd85421110 .event edge, v0x7ffd85436730_0, v0x7ffd854366a0_0;
E_0x7ffd85420f60 .event edge, v0x7ffd854366a0_0, v0x7ffd85436e90_0;
L_0x7ffd85437520 .cmp/gt 8, v0x7ffd854373c0_0, v0x7ffd85437120_0;
L_0x7ffd85437660 .functor MUXZ 1, L_0x7ffd88078050, L_0x7ffd88078008, L_0x7ffd85437520, C4<>;
L_0x7ffd854377e0 .cmp/gt 8, v0x7ffd854373c0_0, v0x7ffd85437000_0;
L_0x7ffd854378c0 .functor MUXZ 1, L_0x7ffd880780e0, L_0x7ffd88078098, L_0x7ffd854377e0, C4<>;
L_0x7ffd85437a40 .cmp/gt 8, v0x7ffd85437120_0, v0x7ffd85437000_0;
L_0x7ffd85437b20 .functor MUXZ 1, L_0x7ffd88078170, L_0x7ffd88078128, L_0x7ffd85437a40, C4<>;
    .scope S_0x7ffd85407300;
T_0 ;
    %wait E_0x7ffd8541e880;
    %load/vec4 v0x7ffd85436d40_0;
    %nor/r;
    %flag_set/vec4 8;
    %jmp/0xz  T_0.0, 8;
    %pushi/vec4 0, 0, 8;
    %assign/vec4 v0x7ffd85436510_0, 0;
    %pushi/vec4 0, 0, 8;
    %assign/vec4 v0x7ffd854367e0_0, 0;
    %pushi/vec4 0, 0, 8;
    %assign/vec4 v0x7ffd85436de0_0, 0;
    %pushi/vec4 2, 0, 3;
    %assign/vec4 v0x7ffd85436be0_0, 0;
    %jmp T_0.1;
T_0.0 ;
    %load/vec4 v0x7ffd85436930_0;
    %load/vec4 v0x7ffd85436890_0;
    %concat/vec4; draw_concat_vec4
    %load/vec4 v0x7ffd854361b0_0;
    %concat/vec4; draw_concat_vec4
    %dup/vec4;
    %pushi/vec4 0, 0, 3;
    %cmp/u;
    %jmp/1 T_0.2, 6;
    %dup/vec4;
    %pushi/vec4 1, 0, 3;
    %cmp/u;
    %jmp/1 T_0.3, 6;
    %dup/vec4;
    %pushi/vec4 3, 0, 3;
    %cmp/u;
    %jmp/1 T_0.4, 6;
    %dup/vec4;
    %pushi/vec4 4, 0, 3;
    %cmp/u;
    %jmp/1 T_0.5, 6;
    %dup/vec4;
    %pushi/vec4 6, 0, 3;
    %cmp/u;
    %jmp/1 T_0.6, 6;
    %dup/vec4;
    %pushi/vec4 7, 0, 3;
    %cmp/u;
    %jmp/1 T_0.7, 6;
    %pushi/vec4 0, 0, 8;
    %assign/vec4 v0x7ffd85436510_0, 0;
    %pushi/vec4 0, 0, 8;
    %assign/vec4 v0x7ffd854367e0_0, 0;
    %pushi/vec4 0, 0, 8;
    %assign/vec4 v0x7ffd85436de0_0, 0;
    %pushi/vec4 2, 0, 3;
    %assign/vec4 v0x7ffd85436be0_0, 0;
    %jmp T_0.9;
T_0.2 ;
    %load/vec4 v0x7ffd854369d0_0;
    %assign/vec4 v0x7ffd85436510_0, 0;
    %load/vec4 v0x7ffd85436b30_0;
    %assign/vec4 v0x7ffd854367e0_0, 0;
    %load/vec4 v0x7ffd85436a80_0;
    %load/vec4 v0x7ffd85436b30_0;
    %sub;
    %assign/vec4 v0x7ffd85436de0_0, 0;
    %pushi/vec4 0, 0, 3;
    %assign/vec4 v0x7ffd85436be0_0, 0;
    %jmp T_0.9;
T_0.3 ;
    %load/vec4 v0x7ffd85436a80_0;
    %assign/vec4 v0x7ffd85436510_0, 0;
    %load/vec4 v0x7ffd85436b30_0;
    %assign/vec4 v0x7ffd854367e0_0, 0;
    %load/vec4 v0x7ffd854369d0_0;
    %load/vec4 v0x7ffd85436b30_0;
    %sub;
    %assign/vec4 v0x7ffd85436de0_0, 0;
    %pushi/vec4 1, 0, 3;
    %assign/vec4 v0x7ffd85436be0_0, 0;
    %jmp T_0.9;
T_0.4 ;
    %load/vec4 v0x7ffd85436a80_0;
    %assign/vec4 v0x7ffd85436510_0, 0;
    %load/vec4 v0x7ffd854369d0_0;
    %assign/vec4 v0x7ffd854367e0_0, 0;
    %load/vec4 v0x7ffd85436b30_0;
    %load/vec4 v0x7ffd854369d0_0;
    %sub;
    %assign/vec4 v0x7ffd85436de0_0, 0;
    %pushi/vec4 3, 0, 3;
    %assign/vec4 v0x7ffd85436be0_0, 0;
    %jmp T_0.9;
T_0.5 ;
    %load/vec4 v0x7ffd854369d0_0;
    %assign/vec4 v0x7ffd85436510_0, 0;
    %load/vec4 v0x7ffd85436a80_0;
    %assign/vec4 v0x7ffd854367e0_0, 0;
    %load/vec4 v0x7ffd85436b30_0;
    %load/vec4 v0x7ffd85436a80_0;
    %sub;
    %assign/vec4 v0x7ffd85436de0_0, 0;
    %pushi/vec4 4, 0, 3;
    %assign/vec4 v0x7ffd85436be0_0, 0;
    %jmp T_0.9;
T_0.6 ;
    %load/vec4 v0x7ffd85436b30_0;
    %assign/vec4 v0x7ffd85436510_0, 0;
    %load/vec4 v0x7ffd85436a80_0;
    %assign/vec4 v0x7ffd854367e0_0, 0;
    %load/vec4 v0x7ffd854369d0_0;
    %load/vec4 v0x7ffd85436a80_0;
    %sub;
    %assign/vec4 v0x7ffd85436de0_0, 0;
    %pushi/vec4 6, 0, 3;
    %assign/vec4 v0x7ffd85436be0_0, 0;
    %jmp T_0.9;
T_0.7 ;
    %load/vec4 v0x7ffd85436b30_0;
    %assign/vec4 v0x7ffd85436510_0, 0;
    %load/vec4 v0x7ffd854369d0_0;
    %assign/vec4 v0x7ffd854367e0_0, 0;
    %load/vec4 v0x7ffd85436a80_0;
    %load/vec4 v0x7ffd854369d0_0;
    %sub;
    %assign/vec4 v0x7ffd85436de0_0, 0;
    %pushi/vec4 7, 0, 3;
    %assign/vec4 v0x7ffd85436be0_0, 0;
    %jmp T_0.9;
T_0.9 ;
    %pop/vec4 1;
T_0.1 ;
    %jmp T_0;
    .thread T_0;
    .scope S_0x7ffd85407300;
T_1 ;
    %wait E_0x7ffd8541e880;
    %load/vec4 v0x7ffd85436d40_0;
    %nor/r;
    %flag_set/vec4 8;
    %jmp/0xz  T_1.0, 8;
    %pushi/vec4 0, 0, 14;
    %assign/vec4 v0x7ffd85436e90_0, 0;
    %pushi/vec4 2, 0, 3;
    %assign/vec4 v0x7ffd85436c90_0, 0;
    %pushi/vec4 0, 0, 8;
    %assign/vec4 v0x7ffd854366a0_0, 0;
    %pushi/vec4 0, 0, 8;
    %assign/vec4 v0x7ffd85436730_0, 0;
    %jmp T_1.1;
T_1.0 ;
    %load/vec4 v0x7ffd85436de0_0;
    %concati/vec4 0, 0, 6;
    %load/vec4 v0x7ffd85436de0_0;
    %concati/vec4 0, 0, 2;
    %pad/u 14;
    %sub;
    %assign/vec4 v0x7ffd85436e90_0, 0;
    %load/vec4 v0x7ffd85436be0_0;
    %assign/vec4 v0x7ffd85436c90_0, 0;
    %load/vec4 v0x7ffd85436510_0;
    %load/vec4 v0x7ffd854367e0_0;
    %sub;
    %assign/vec4 v0x7ffd854366a0_0, 0;
    %load/vec4 v0x7ffd85436510_0;
    %assign/vec4 v0x7ffd85436730_0, 0;
T_1.1 ;
    %jmp T_1;
    .thread T_1;
    .scope S_0x7ffd85407300;
T_2 ;
    %wait E_0x7ffd85420f60;
    %load/vec4 v0x7ffd854366a0_0;
    %cmpi/u 0, 0, 8;
    %flag_or 5, 4; GT is !LE
    %flag_inv 5;
    %flag_mov 8, 5;
    %jmp/0 T_2.0, 8;
    %load/vec4 v0x7ffd85436e90_0;
    %load/vec4 v0x7ffd854366a0_0;
    %pad/u 14;
    %div;
    %jmp/1 T_2.1, 8;
T_2.0 ; End of true expr.
    %pushi/vec4 240, 0, 14;
    %jmp/0 T_2.1, 8;
 ; End of false expr.
    %blend;
T_2.1;
    %pad/u 8;
    %store/vec4 v0x7ffd85436100_0, 0, 8;
    %jmp T_2;
    .thread T_2, $push;
    .scope S_0x7ffd85407300;
T_3 ;
    %wait E_0x7ffd8541e880;
    %load/vec4 v0x7ffd85436d40_0;
    %nor/r;
    %flag_set/vec4 8;
    %jmp/0xz  T_3.0, 8;
    %pushi/vec4 0, 0, 9;
    %assign/vec4 v0x7ffd85436250_0, 0;
    %jmp T_3.1;
T_3.0 ;
    %load/vec4 v0x7ffd85436c90_0;
    %dup/vec4;
    %pushi/vec4 0, 0, 3;
    %cmp/u;
    %jmp/1 T_3.2, 6;
    %dup/vec4;
    %pushi/vec4 1, 0, 3;
    %cmp/u;
    %jmp/1 T_3.3, 6;
    %dup/vec4;
    %pushi/vec4 3, 0, 3;
    %cmp/u;
    %jmp/1 T_3.4, 6;
    %dup/vec4;
    %pushi/vec4 4, 0, 3;
    %cmp/u;
    %jmp/1 T_3.5, 6;
    %dup/vec4;
    %pushi/vec4 6, 0, 3;
    %cmp/u;
    %jmp/1 T_3.6, 6;
    %dup/vec4;
    %pushi/vec4 7, 0, 3;
    %cmp/u;
    %jmp/1 T_3.7, 6;
    %pushi/vec4 0, 0, 9;
    %assign/vec4 v0x7ffd85436250_0, 0;
    %jmp T_3.9;
T_3.2 ;
    %pushi/vec4 240, 0, 9;
    %load/vec4 v0x7ffd85436100_0;
    %pad/u 9;
    %sub;
    %assign/vec4 v0x7ffd85436250_0, 0;
    %jmp T_3.9;
T_3.3 ;
    %pushi/vec4 120, 0, 9;
    %load/vec4 v0x7ffd85436100_0;
    %pad/u 9;
    %add;
    %assign/vec4 v0x7ffd85436250_0, 0;
    %jmp T_3.9;
T_3.4 ;
    %pushi/vec4 120, 0, 9;
    %load/vec4 v0x7ffd85436100_0;
    %pad/u 9;
    %sub;
    %assign/vec4 v0x7ffd85436250_0, 0;
    %jmp T_3.9;
T_3.5 ;
    %pushi/vec4 240, 0, 9;
    %load/vec4 v0x7ffd85436100_0;
    %pad/u 9;
    %add;
    %assign/vec4 v0x7ffd85436250_0, 0;
    %jmp T_3.9;
T_3.6 ;
    %pushi/vec4 360, 0, 9;
    %load/vec4 v0x7ffd85436100_0;
    %pad/u 9;
    %sub;
    %assign/vec4 v0x7ffd85436250_0, 0;
    %jmp T_3.9;
T_3.7 ;
    %load/vec4 v0x7ffd85436100_0;
    %pad/u 9;
    %assign/vec4 v0x7ffd85436250_0, 0;
    %jmp T_3.9;
T_3.9 ;
    %pop/vec4 1;
T_3.1 ;
    %jmp T_3;
    .thread T_3;
    .scope S_0x7ffd85407300;
T_4 ;
    %wait E_0x7ffd85421110;
    %load/vec4 v0x7ffd85436730_0;
    %cmpi/u 0, 0, 8;
    %flag_or 5, 4; GT is !LE
    %flag_inv 5;
    %flag_mov 8, 5;
    %jmp/0 T_4.0, 8;
    %load/vec4 v0x7ffd854366a0_0;
    %concati/vec4 0, 0, 8;
    %load/vec4 v0x7ffd85436730_0;
    %pad/u 16;
    %div;
    %jmp/1 T_4.1, 8;
T_4.0 ; End of true expr.
    %pushi/vec4 0, 0, 16;
    %jmp/0 T_4.1, 8;
 ; End of false expr.
    %blend;
T_4.1;
    %pad/u 8;
    %store/vec4 v0x7ffd854363b0_0, 0, 8;
    %jmp T_4;
    .thread T_4, $push;
    .scope S_0x7ffd85407300;
T_5 ;
    %wait E_0x7ffd8541e880;
    %load/vec4 v0x7ffd85436d40_0;
    %nor/r;
    %flag_set/vec4 8;
    %jmp/0xz  T_5.0, 8;
    %pushi/vec4 0, 0, 8;
    %assign/vec4 v0x7ffd85436300_0, 0;
    %jmp T_5.1;
T_5.0 ;
    %load/vec4 v0x7ffd854363b0_0;
    %assign/vec4 v0x7ffd85436300_0, 0;
T_5.1 ;
    %jmp T_5;
    .thread T_5;
    .scope S_0x7ffd85407300;
T_6 ;
    %wait E_0x7ffd8541e880;
    %load/vec4 v0x7ffd85436d40_0;
    %nor/r;
    %flag_set/vec4 8;
    %jmp/0xz  T_6.0, 8;
    %pushi/vec4 0, 0, 8;
    %assign/vec4 v0x7ffd85436460_0, 0;
    %jmp T_6.1;
T_6.0 ;
    %load/vec4 v0x7ffd85436730_0;
    %assign/vec4 v0x7ffd85436460_0, 0;
T_6.1 ;
    %jmp T_6;
    .thread T_6;
    .scope S_0x7ffd85415400;
T_7 ;
    %pushi/vec4 0, 0, 1;
    %store/vec4 v0x7ffd85437090_0, 0, 1;
    %pushi/vec4 0, 0, 8;
    %store/vec4 v0x7ffd854373c0_0, 0, 8;
    %pushi/vec4 0, 0, 8;
    %store/vec4 v0x7ffd85437120_0, 0, 8;
    %pushi/vec4 0, 0, 8;
    %store/vec4 v0x7ffd85437000_0, 0, 8;
    %pushi/vec4 100, 0, 32;
T_7.0 %dup/vec4;
    %pushi/vec4 0, 0, 32;
    %cmp/s;
    %jmp/1xz T_7.1, 5;
    %jmp/1 T_7.1, 4;
    %pushi/vec4 1, 0, 32;
    %sub;
    %load/vec4 v0x7ffd85437090_0;
    %nor/r;
    %store/vec4 v0x7ffd85437090_0, 0, 1;
    %delay 1, 0;
    %vpi_call/w 3 27 "$display", "r=%d, g=%d, b=%d,  time=%t", v0x7ffd854373c0_0, v0x7ffd85437120_0, v0x7ffd85437000_0, $time {0 0 0};
    %vpi_call/w 3 28 "$display", "      --> h=%d, s=%d, v=%d", v0x7ffd854371b0_0, v0x7ffd85437240_0, v0x7ffd85437310_0 {0 0 0};
    %pushi/vec4 255, 0, 8;
    %store/vec4 v0x7ffd854373c0_0, 0, 8;
    %pushi/vec4 1, 0, 8;
    %store/vec4 v0x7ffd85437120_0, 0, 8;
    %pushi/vec4 1, 0, 8;
    %store/vec4 v0x7ffd85437000_0, 0, 8;
    %load/vec4 v0x7ffd85437090_0;
    %nor/r;
    %store/vec4 v0x7ffd85437090_0, 0, 1;
    %jmp T_7.0;
T_7.1 ;
    %pop/vec4 1;
    %vpi_call/w 3 41 "$display", "Finished. Total time = %t", $time {0 0 0};
    %vpi_call/w 3 42 "$finish" {0 0 0};
    %end;
    .thread T_7;
# The file index is used to find the file name in the following table.
:file_names 5;
    "N/A";
    "<interactive>";
    "-";
    "RGB_2_HSV_TB.v";
    "RGB_2_HSV.v";
