#! /usr/local/bin/vvp
:ivl_version "12.0 (devel)" "(s20150603-955-gd6e01d0c)";
:ivl_delay_selection "TYPICAL";
:vpi_time_precision + 0;
:vpi_module "/usr/local/lib/ivl/system.vpi";
:vpi_module "/usr/local/lib/ivl/vhdl_sys.vpi";
:vpi_module "/usr/local/lib/ivl/vhdl_textio.vpi";
:vpi_module "/usr/local/lib/ivl/v2005_math.vpi";
:vpi_module "/usr/local/lib/ivl/va_math.vpi";
:vpi_module "/usr/local/lib/ivl/v2009.vpi";
S_0x7fe140e0cdc0 .scope package, "$unit" "$unit" 2 1;
 .timescale 0 0;
S_0x7fe140e0d620 .scope module, "temporal_filter_tb" "temporal_filter_tb" 3 1;
 .timescale 0 0;
v0x7fe140e1e2b0_0 .var "b_in", 7 0;
v0x7fe140e1e340_0 .net "b_out", 7 0, v0x7fe140e1da80_0;  1 drivers
v0x7fe140e1e3d0_0 .var "clk", 0 0;
v0x7fe140e1e480_0 .var "g_in", 7 0;
v0x7fe140e1e530_0 .net "g_out", 7 0, v0x7fe140e1dd50_0;  1 drivers
v0x7fe140e1e600_0 .var "r_in", 7 0;
v0x7fe140e1e6b0_0 .net "r_out", 7 0, v0x7fe140e1deb0_0;  1 drivers
v0x7fe140e1e760_0 .var "rst", 0 0;
v0x7fe140e1e810_0 .var "x_in", 10 0;
v0x7fe140e1e940_0 .var "y_in", 10 0;
S_0x7fe140e0d790 .scope module, "m" "TEMPORAL_FILTER" 3 54, 4 1 0, S_0x7fe140e0d620;
 .timescale 0 0;
    .port_info 0 /INPUT 1 "clk";
    .port_info 1 /INPUT 1 "rst";
    .port_info 2 /INPUT 8 "r_in";
    .port_info 3 /INPUT 8 "g_in";
    .port_info 4 /INPUT 8 "b_in";
    .port_info 5 /INPUT 11 "x_in";
    .port_info 6 /INPUT 11 "y_in";
    .port_info 7 /OUTPUT 8 "r_out";
    .port_info 8 /OUTPUT 8 "g_out";
    .port_info 9 /OUTPUT 8 "b_out";
v0x7fe140e0d9f0_0 .net "b_in", 7 0, v0x7fe140e1e2b0_0;  1 drivers
v0x7fe140e1da80_0 .var "b_out", 7 0;
v0x7fe140e1db20_0 .net "clk", 0 0, v0x7fe140e1e3d0_0;  1 drivers
v0x7fe140e1dbd0 .array "frame_history", 921599 0, 23 0;
v0x7fe140e1dc60_0 .net "g_in", 7 0, v0x7fe140e1e480_0;  1 drivers
v0x7fe140e1dd50_0 .var "g_out", 7 0;
v0x7fe140e1de00_0 .net "r_in", 7 0, v0x7fe140e1e600_0;  1 drivers
v0x7fe140e1deb0_0 .var "r_out", 7 0;
v0x7fe140e1df60_0 .net "rst", 0 0, v0x7fe140e1e760_0;  1 drivers
v0x7fe140e1e070_0 .net "x_in", 10 0, v0x7fe140e1e810_0;  1 drivers
v0x7fe140e1e110_0 .net "y_in", 10 0, v0x7fe140e1e940_0;  1 drivers
E_0x7fe140e0cf80 .event posedge, v0x7fe140e1db20_0;
    .scope S_0x7fe140e0d790;
T_0 ;
    %wait E_0x7fe140e0cf80;
    %load/vec4 v0x7fe140e1e070_0;
    %pad/u 22;
    %pad/u 33;
    %muli 1920, 0, 33;
    %pad/u 34;
    %load/vec4 v0x7fe140e1e110_0;
    %pad/u 13;
    %pad/u 15;
    %muli 3, 0, 15;
    %pad/u 34;
    %add;
    %pad/u 35;
    %pushi/vec4 1, 0, 2;
    %pad/s 35;
    %add;
    %ix/vec4 4;
    %load/vec4a v0x7fe140e1dbd0, 4;
    %load/vec4 v0x7fe140e1e070_0;
    %pad/u 22;
    %pad/u 33;
    %muli 1920, 0, 33;
    %pad/u 34;
    %load/vec4 v0x7fe140e1e110_0;
    %pad/u 13;
    %pad/u 15;
    %muli 3, 0, 15;
    %pad/u 34;
    %add;
    %pad/u 35;
    %pushi/vec4 2, 0, 3;
    %pad/s 35;
    %add;
    %ix/vec4 3;
    %ix/load 4, 0, 0; Constant delay
    %assign/vec4/a/d v0x7fe140e1dbd0, 0, 4;
    %load/vec4 v0x7fe140e1e070_0;
    %pad/u 22;
    %pad/u 33;
    %muli 1920, 0, 33;
    %pad/u 34;
    %load/vec4 v0x7fe140e1e110_0;
    %pad/u 13;
    %pad/u 15;
    %muli 3, 0, 15;
    %pad/u 34;
    %add;
    %ix/vec4 4;
    %load/vec4a v0x7fe140e1dbd0, 4;
    %load/vec4 v0x7fe140e1e070_0;
    %pad/u 22;
    %pad/u 33;
    %muli 1920, 0, 33;
    %pad/u 34;
    %load/vec4 v0x7fe140e1e110_0;
    %pad/u 13;
    %pad/u 15;
    %muli 3, 0, 15;
    %pad/u 34;
    %add;
    %pad/u 35;
    %pushi/vec4 1, 0, 2;
    %pad/s 35;
    %add;
    %ix/vec4 3;
    %ix/load 4, 0, 0; Constant delay
    %assign/vec4/a/d v0x7fe140e1dbd0, 0, 4;
    %load/vec4 v0x7fe140e1de00_0;
    %load/vec4 v0x7fe140e1dc60_0;
    %concat/vec4; draw_concat_vec4
    %load/vec4 v0x7fe140e0d9f0_0;
    %concat/vec4; draw_concat_vec4
    %load/vec4 v0x7fe140e1e070_0;
    %pad/u 22;
    %pad/u 33;
    %muli 1920, 0, 33;
    %pad/u 34;
    %load/vec4 v0x7fe140e1e110_0;
    %pad/u 13;
    %pad/u 15;
    %muli 3, 0, 15;
    %pad/u 34;
    %add;
    %ix/vec4 3;
    %ix/load 4, 0, 0; Constant delay
    %assign/vec4/a/d v0x7fe140e1dbd0, 0, 4;
    %load/vec4 v0x7fe140e1e070_0;
    %pad/u 22;
    %pad/u 33;
    %muli 1920, 0, 33;
    %pad/u 34;
    %load/vec4 v0x7fe140e1e110_0;
    %pad/u 13;
    %pad/u 15;
    %muli 3, 0, 15;
    %pad/u 34;
    %add;
    %pad/u 35;
    %pushi/vec4 2, 0, 3;
    %pad/s 35;
    %add;
    %ix/vec4 4;
    %load/vec4a v0x7fe140e1dbd0, 4;
    %parti/s 8, 0, 2;
    %load/vec4 v0x7fe140e1e070_0;
    %pad/u 22;
    %pad/u 33;
    %muli 1920, 0, 33;
    %pad/u 34;
    %load/vec4 v0x7fe140e1e110_0;
    %pad/u 13;
    %pad/u 15;
    %muli 3, 0, 15;
    %pad/u 34;
    %add;
    %pad/u 35;
    %pushi/vec4 1, 0, 2;
    %pad/s 35;
    %add;
    %ix/vec4 4;
    %load/vec4a v0x7fe140e1dbd0, 4;
    %parti/s 8, 0, 2;
    %add;
    %load/vec4 v0x7fe140e1e070_0;
    %pad/u 22;
    %pad/u 33;
    %muli 1920, 0, 33;
    %pad/u 34;
    %load/vec4 v0x7fe140e1e110_0;
    %pad/u 13;
    %pad/u 15;
    %muli 3, 0, 15;
    %pad/u 34;
    %add;
    %ix/vec4 4;
    %load/vec4a v0x7fe140e1dbd0, 4;
    %parti/s 8, 0, 2;
    %add;
    %load/vec4 v0x7fe140e1de00_0;
    %add;
    %ix/load 4, 2, 0;
    %flag_set/imm 4, 0;
    %shiftr 4;
    %assign/vec4 v0x7fe140e1deb0_0, 0;
    %load/vec4 v0x7fe140e1e070_0;
    %pad/u 22;
    %pad/u 33;
    %muli 1920, 0, 33;
    %pad/u 34;
    %load/vec4 v0x7fe140e1e110_0;
    %pad/u 13;
    %pad/u 15;
    %muli 3, 0, 15;
    %pad/u 34;
    %add;
    %pad/u 35;
    %pushi/vec4 2, 0, 3;
    %pad/s 35;
    %add;
    %ix/vec4 4;
    %load/vec4a v0x7fe140e1dbd0, 4;
    %parti/s 8, 8, 5;
    %load/vec4 v0x7fe140e1e070_0;
    %pad/u 22;
    %pad/u 33;
    %muli 1920, 0, 33;
    %pad/u 34;
    %load/vec4 v0x7fe140e1e110_0;
    %pad/u 13;
    %pad/u 15;
    %muli 3, 0, 15;
    %pad/u 34;
    %add;
    %pad/u 35;
    %pushi/vec4 1, 0, 2;
    %pad/s 35;
    %add;
    %ix/vec4 4;
    %load/vec4a v0x7fe140e1dbd0, 4;
    %parti/s 8, 8, 5;
    %add;
    %load/vec4 v0x7fe140e1e070_0;
    %pad/u 22;
    %pad/u 33;
    %muli 1920, 0, 33;
    %pad/u 34;
    %load/vec4 v0x7fe140e1e110_0;
    %pad/u 13;
    %pad/u 15;
    %muli 3, 0, 15;
    %pad/u 34;
    %add;
    %ix/vec4 4;
    %load/vec4a v0x7fe140e1dbd0, 4;
    %parti/s 8, 8, 5;
    %add;
    %load/vec4 v0x7fe140e1dc60_0;
    %add;
    %ix/load 4, 2, 0;
    %flag_set/imm 4, 0;
    %shiftr 4;
    %assign/vec4 v0x7fe140e1dd50_0, 0;
    %load/vec4 v0x7fe140e1e070_0;
    %pad/u 22;
    %pad/u 33;
    %muli 1920, 0, 33;
    %pad/u 34;
    %load/vec4 v0x7fe140e1e110_0;
    %pad/u 13;
    %pad/u 15;
    %muli 3, 0, 15;
    %pad/u 34;
    %add;
    %pad/u 35;
    %pushi/vec4 2, 0, 3;
    %pad/s 35;
    %add;
    %ix/vec4 4;
    %load/vec4a v0x7fe140e1dbd0, 4;
    %parti/s 8, 16, 6;
    %load/vec4 v0x7fe140e1e070_0;
    %pad/u 22;
    %pad/u 33;
    %muli 1920, 0, 33;
    %pad/u 34;
    %load/vec4 v0x7fe140e1e110_0;
    %pad/u 13;
    %pad/u 15;
    %muli 3, 0, 15;
    %pad/u 34;
    %add;
    %pad/u 35;
    %pushi/vec4 1, 0, 2;
    %pad/s 35;
    %add;
    %ix/vec4 4;
    %load/vec4a v0x7fe140e1dbd0, 4;
    %parti/s 8, 16, 6;
    %add;
    %load/vec4 v0x7fe140e1e070_0;
    %pad/u 22;
    %pad/u 33;
    %muli 1920, 0, 33;
    %pad/u 34;
    %load/vec4 v0x7fe140e1e110_0;
    %pad/u 13;
    %pad/u 15;
    %muli 3, 0, 15;
    %pad/u 34;
    %add;
    %ix/vec4 4;
    %load/vec4a v0x7fe140e1dbd0, 4;
    %parti/s 8, 16, 6;
    %add;
    %load/vec4 v0x7fe140e0d9f0_0;
    %add;
    %ix/load 4, 2, 0;
    %flag_set/imm 4, 0;
    %shiftr 4;
    %assign/vec4 v0x7fe140e1da80_0, 0;
    %jmp T_0;
    .thread T_0;
    .scope S_0x7fe140e0d620;
T_1 ;
    %pushi/vec4 0, 0, 1;
    %store/vec4 v0x7fe140e1e3d0_0, 0, 1;
    %pushi/vec4 0, 0, 8;
    %store/vec4 v0x7fe140e1e600_0, 0, 8;
    %pushi/vec4 0, 0, 8;
    %store/vec4 v0x7fe140e1e480_0, 0, 8;
    %pushi/vec4 0, 0, 8;
    %store/vec4 v0x7fe140e1e2b0_0, 0, 8;
    %pushi/vec4 0, 0, 11;
    %store/vec4 v0x7fe140e1e810_0, 0, 11;
    %pushi/vec4 0, 0, 11;
    %store/vec4 v0x7fe140e1e940_0, 0, 11;
    %pushi/vec4 4, 0, 32;
T_1.0 %dup/vec4;
    %pushi/vec4 0, 0, 32;
    %cmp/s;
    %jmp/1xz T_1.1, 5;
    %jmp/1 T_1.1, 4;
    %pushi/vec4 1, 0, 32;
    %sub;
    %pushi/vec4 10, 0, 32;
T_1.2 %dup/vec4;
    %pushi/vec4 0, 0, 32;
    %cmp/s;
    %jmp/1xz T_1.3, 5;
    %jmp/1 T_1.3, 4;
    %pushi/vec4 1, 0, 32;
    %sub;
    %pushi/vec4 10, 0, 32;
T_1.4 %dup/vec4;
    %pushi/vec4 0, 0, 32;
    %cmp/s;
    %jmp/1xz T_1.5, 5;
    %jmp/1 T_1.5, 4;
    %pushi/vec4 1, 0, 32;
    %sub;
    %load/vec4 v0x7fe140e1e3d0_0;
    %nor/r;
    %store/vec4 v0x7fe140e1e3d0_0, 0, 1;
    %vpi_func 3 31 "$urandom_range" 32, 32'sb00000000000000000000000000000000, 32'sb00000000000000000000000011111111 {0 0 0};
    %pad/u 8;
    %store/vec4 v0x7fe140e1e600_0, 0, 8;
    %vpi_func 3 32 "$urandom_range" 32, 32'sb00000000000000000000000000000000, 32'sb00000000000000000000000011111111 {0 0 0};
    %pad/u 8;
    %store/vec4 v0x7fe140e1e480_0, 0, 8;
    %vpi_func 3 33 "$urandom_range" 32, 32'sb00000000000000000000000000000000, 32'sb00000000000000000000000011111111 {0 0 0};
    %pad/u 8;
    %store/vec4 v0x7fe140e1e2b0_0, 0, 8;
    %delay 1, 0;
    %vpi_call/w 3 35 "$display", "      r_in= %d, g_in= %d, b_in= %d,  time=%t", v0x7fe140e1e600_0, v0x7fe140e1e480_0, v0x7fe140e1e2b0_0, $time {0 0 0};
    %vpi_call/w 3 36 "$display", "avrg. r_out=%d, g_out=%d, b_out=%d", v0x7fe140e1e6b0_0, v0x7fe140e1e530_0, v0x7fe140e1e340_0 {0 0 0};
    %load/vec4 v0x7fe140e1e810_0;
    %addi 1, 0, 11;
    %store/vec4 v0x7fe140e1e810_0, 0, 11;
    %jmp T_1.4;
T_1.5 ;
    %pop/vec4 1;
    %load/vec4 v0x7fe140e1e940_0;
    %addi 1, 0, 11;
    %store/vec4 v0x7fe140e1e940_0, 0, 11;
    %pushi/vec4 0, 0, 11;
    %store/vec4 v0x7fe140e1e810_0, 0, 11;
    %jmp T_1.2;
T_1.3 ;
    %pop/vec4 1;
    %pushi/vec4 0, 0, 11;
    %store/vec4 v0x7fe140e1e940_0, 0, 11;
    %jmp T_1.0;
T_1.1 ;
    %pop/vec4 1;
    %vpi_call/w 3 49 "$display", "Finished. Total time = %t", $time {0 0 0};
    %vpi_call/w 3 50 "$finish" {0 0 0};
    %end;
    .thread T_1;
# The file index is used to find the file name in the following table.
:file_names 5;
    "N/A";
    "<interactive>";
    "-";
    "TEMPORAL_FILTER_TB.v";
    "TEMPORAL_FILTER.v";
